[2025-05-23T22:14:22.440+0000] {manager.py:470} INFO - Processing files using up to 2 processes at a time 
[2025-05-23T22:14:22.443+0000] {manager.py:471} INFO - Process each file at most once every 30 seconds
[2025-05-23T22:14:22.443+0000] {manager.py:472} INFO - Checking for new files in /opt/airflow/dags every 300 seconds
[2025-05-23T22:14:22.443+0000] {manager.py:737} INFO - Searching for files in /opt/airflow/dags
[2025-05-23T22:14:22.451+0000] {manager.py:740} INFO - There are 1 files in /opt/airflow/dags
[2025-05-23T22:14:22.561+0000] {manager.py:878} INFO - 
================================================================================
DAG File Processing Stats

File Path                             PID  Runtime      # DAGs    # Errors  Last Runtime    Last Run
----------------------------------  -----  ---------  --------  ----------  --------------  ----------
/opt/airflow/dags/xls_parse_dag.py     71  0.04s             0           0
================================================================================
[2025-05-23T22:14:52.696+0000] {manager.py:878} INFO - 
================================================================================
DAG File Processing Stats

File Path                           PID    Runtime      # DAGs    # Errors  Last Runtime    Last Run
----------------------------------  -----  ---------  --------  ----------  --------------  -------------------
/opt/airflow/dags/xls_parse_dag.py                           1           0  1.84s           2025-05-23T22:14:24
================================================================================
[2025-05-23T22:15:22.875+0000] {manager.py:878} INFO - 
================================================================================
DAG File Processing Stats

File Path                           PID    Runtime      # DAGs    # Errors  Last Runtime    Last Run
----------------------------------  -----  ---------  --------  ----------  --------------  -------------------
/opt/airflow/dags/xls_parse_dag.py                           1           0  0.37s           2025-05-23T22:14:54
================================================================================
[2025-05-23T22:15:53.215+0000] {manager.py:878} INFO - 
================================================================================
DAG File Processing Stats

File Path                           PID    Runtime      # DAGs    # Errors  Last Runtime    Last Run
----------------------------------  -----  ---------  --------  ----------  --------------  -------------------
/opt/airflow/dags/xls_parse_dag.py                           1           0  0.32s           2025-05-23T22:15:25
================================================================================
[2025-05-23T22:16:23.701+0000] {manager.py:878} INFO - 
================================================================================
DAG File Processing Stats

File Path                           PID    Runtime      # DAGs    # Errors  Last Runtime    Last Run
----------------------------------  -----  ---------  --------  ----------  --------------  -------------------
/opt/airflow/dags/xls_parse_dag.py                           1           0  0.33s           2025-05-23T22:15:55
================================================================================
[2025-05-23T22:16:54.161+0000] {manager.py:878} INFO - 
================================================================================
DAG File Processing Stats

File Path                           PID    Runtime      # DAGs    # Errors  Last Runtime    Last Run
----------------------------------  -----  ---------  --------  ----------  --------------  -------------------
/opt/airflow/dags/xls_parse_dag.py                           1           0  0.32s           2025-05-23T22:16:26
================================================================================
[2025-05-23T22:17:24.668+0000] {manager.py:878} INFO - 
================================================================================
DAG File Processing Stats

File Path                           PID    Runtime      # DAGs    # Errors  Last Runtime    Last Run
----------------------------------  -----  ---------  --------  ----------  --------------  -------------------
/opt/airflow/dags/xls_parse_dag.py                           1           0  0.31s           2025-05-23T22:16:56
================================================================================
[2025-05-23T22:17:55.114+0000] {manager.py:878} INFO - 
================================================================================
DAG File Processing Stats

File Path                           PID    Runtime      # DAGs    # Errors  Last Runtime    Last Run
----------------------------------  -----  ---------  --------  ----------  --------------  -------------------
/opt/airflow/dags/xls_parse_dag.py                           1           0  0.32s           2025-05-23T22:17:27
================================================================================
[2025-05-23T22:18:25.539+0000] {manager.py:878} INFO - 
================================================================================
DAG File Processing Stats

File Path                           PID    Runtime      # DAGs    # Errors  Last Runtime    Last Run
----------------------------------  -----  ---------  --------  ----------  --------------  -------------------
/opt/airflow/dags/xls_parse_dag.py                           1           0  0.37s           2025-05-23T22:17:57
================================================================================
[2025-05-23T22:18:56.054+0000] {manager.py:878} INFO - 
================================================================================
DAG File Processing Stats

File Path                           PID    Runtime      # DAGs    # Errors  Last Runtime    Last Run
----------------------------------  -----  ---------  --------  ----------  --------------  -------------------
/opt/airflow/dags/xls_parse_dag.py                           1           0  0.43s           2025-05-23T22:18:28
================================================================================
[2025-05-23T22:19:22.604+0000] {manager.py:737} INFO - Searching for files in /opt/airflow/dags
[2025-05-23T22:19:22.609+0000] {manager.py:740} INFO - There are 1 files in /opt/airflow/dags
[2025-05-23T22:19:26.634+0000] {manager.py:878} INFO - 
================================================================================
DAG File Processing Stats

File Path                           PID    Runtime      # DAGs    # Errors  Last Runtime    Last Run
----------------------------------  -----  ---------  --------  ----------  --------------  -------------------
/opt/airflow/dags/xls_parse_dag.py                           1           0  0.42s           2025-05-23T22:18:58
================================================================================
[2025-05-23T22:19:57.205+0000] {manager.py:878} INFO - 
================================================================================
DAG File Processing Stats

File Path                           PID    Runtime      # DAGs    # Errors  Last Runtime    Last Run
----------------------------------  -----  ---------  --------  ----------  --------------  -------------------
/opt/airflow/dags/xls_parse_dag.py                           1           0  0.35s           2025-05-23T22:19:29
================================================================================
[2025-05-23T22:20:27.685+0000] {manager.py:878} INFO - 
================================================================================
DAG File Processing Stats

File Path                           PID    Runtime      # DAGs    # Errors  Last Runtime    Last Run
----------------------------------  -----  ---------  --------  ----------  --------------  -------------------
/opt/airflow/dags/xls_parse_dag.py                           1           0  0.33s           2025-05-23T22:19:59
================================================================================
[2025-05-23T22:20:58.160+0000] {manager.py:878} INFO - 
================================================================================
DAG File Processing Stats

File Path                           PID    Runtime      # DAGs    # Errors  Last Runtime    Last Run
----------------------------------  -----  ---------  --------  ----------  --------------  -------------------
/opt/airflow/dags/xls_parse_dag.py                           1           0  0.33s           2025-05-23T22:20:30
================================================================================
[2025-05-23T22:21:28.676+0000] {manager.py:878} INFO - 
================================================================================
DAG File Processing Stats

File Path                           PID    Runtime      # DAGs    # Errors  Last Runtime    Last Run
----------------------------------  -----  ---------  --------  ----------  --------------  -------------------
/opt/airflow/dags/xls_parse_dag.py                           1           0  0.38s           2025-05-23T22:21:00
================================================================================
[2025-05-23T22:21:59.183+0000] {manager.py:878} INFO - 
================================================================================
DAG File Processing Stats

File Path                           PID    Runtime      # DAGs    # Errors  Last Runtime    Last Run
----------------------------------  -----  ---------  --------  ----------  --------------  -------------------
/opt/airflow/dags/xls_parse_dag.py                           1           0  0.34s           2025-05-23T22:21:31
================================================================================
[2025-05-23T22:22:29.683+0000] {manager.py:878} INFO - 
================================================================================
DAG File Processing Stats

File Path                           PID    Runtime      # DAGs    # Errors  Last Runtime    Last Run
----------------------------------  -----  ---------  --------  ----------  --------------  -------------------
/opt/airflow/dags/xls_parse_dag.py                           1           0  0.38s           2025-05-23T22:22:01
================================================================================
[2025-05-23T22:23:00.226+0000] {manager.py:878} INFO - 
================================================================================
DAG File Processing Stats

File Path                           PID    Runtime      # DAGs    # Errors  Last Runtime    Last Run
----------------------------------  -----  ---------  --------  ----------  --------------  -------------------
/opt/airflow/dags/xls_parse_dag.py                           1           0  0.33s           2025-05-23T22:22:32
================================================================================
[2025-05-23T22:23:30.670+0000] {manager.py:878} INFO - 
================================================================================
DAG File Processing Stats

File Path                           PID    Runtime      # DAGs    # Errors  Last Runtime    Last Run
----------------------------------  -----  ---------  --------  ----------  --------------  -------------------
/opt/airflow/dags/xls_parse_dag.py                           1           0  0.36s           2025-05-23T22:23:02
================================================================================
[2025-05-23T22:24:01.162+0000] {manager.py:878} INFO - 
================================================================================
DAG File Processing Stats

File Path                           PID    Runtime      # DAGs    # Errors  Last Runtime    Last Run
----------------------------------  -----  ---------  --------  ----------  --------------  -------------------
/opt/airflow/dags/xls_parse_dag.py                           1           0  0.36s           2025-05-23T22:23:33
================================================================================
[2025-05-23T22:24:22.646+0000] {manager.py:737} INFO - Searching for files in /opt/airflow/dags
[2025-05-23T22:24:22.652+0000] {manager.py:740} INFO - There are 1 files in /opt/airflow/dags
[2025-05-23T22:24:31.709+0000] {manager.py:878} INFO - 
================================================================================
DAG File Processing Stats

File Path                           PID    Runtime      # DAGs    # Errors  Last Runtime    Last Run
----------------------------------  -----  ---------  --------  ----------  --------------  -------------------
/opt/airflow/dags/xls_parse_dag.py                           1           0  0.32s           2025-05-23T22:24:03
================================================================================
[2025-05-23T22:25:02.154+0000] {manager.py:878} INFO - 
================================================================================
DAG File Processing Stats

File Path                           PID    Runtime      # DAGs    # Errors  Last Runtime    Last Run
----------------------------------  -----  ---------  --------  ----------  --------------  -------------------
/opt/airflow/dags/xls_parse_dag.py                           1           0  0.32s           2025-05-23T22:24:34
================================================================================
[2025-05-23T22:25:32.627+0000] {manager.py:878} INFO - 
================================================================================
DAG File Processing Stats

File Path                           PID    Runtime      # DAGs    # Errors  Last Runtime    Last Run
----------------------------------  -----  ---------  --------  ----------  --------------  -------------------
/opt/airflow/dags/xls_parse_dag.py                           1           0  0.44s           2025-05-23T22:25:04
================================================================================
[2025-05-23T22:25:58.824+0000] {manager.py:452} INFO - Exiting gracefully upon receiving signal 15
[2025-05-23T22:30:51.608+0000] {manager.py:470} INFO - Processing files using up to 2 processes at a time 
[2025-05-23T22:30:51.610+0000] {manager.py:471} INFO - Process each file at most once every 30 seconds
[2025-05-23T22:30:51.611+0000] {manager.py:472} INFO - Checking for new files in /opt/airflow/dags every 300 seconds
[2025-05-23T22:30:51.611+0000] {manager.py:737} INFO - Searching for files in /opt/airflow/dags
[2025-05-23T22:30:51.620+0000] {manager.py:740} INFO - There are 1 files in /opt/airflow/dags
[2025-05-23T22:30:51.765+0000] {manager.py:878} INFO - 
================================================================================
DAG File Processing Stats

File Path                             PID  Runtime      # DAGs    # Errors  Last Runtime    Last Run
----------------------------------  -----  ---------  --------  ----------  --------------  ----------
/opt/airflow/dags/xls_parse_dag.py     75  0.08s             0           0
================================================================================
[2025-05-23T22:31:21.964+0000] {manager.py:878} INFO - 
================================================================================
DAG File Processing Stats

File Path                           PID    Runtime      # DAGs    # Errors  Last Runtime    Last Run
----------------------------------  -----  ---------  --------  ----------  --------------  -------------------
/opt/airflow/dags/xls_parse_dag.py                           1           0  1.77s           2025-05-23T22:30:53
================================================================================
[2025-05-23T22:31:52.216+0000] {manager.py:878} INFO - 
================================================================================
DAG File Processing Stats

File Path                           PID    Runtime      # DAGs    # Errors  Last Runtime    Last Run
----------------------------------  -----  ---------  --------  ----------  --------------  -------------------
/opt/airflow/dags/xls_parse_dag.py                           1           0  0.39s           2025-05-23T22:31:24
================================================================================
[2025-05-23T22:32:22.420+0000] {manager.py:878} INFO - 
================================================================================
DAG File Processing Stats

File Path                           PID    Runtime      # DAGs    # Errors  Last Runtime    Last Run
----------------------------------  -----  ---------  --------  ----------  --------------  -------------------
/opt/airflow/dags/xls_parse_dag.py                           1           0  0.34s           2025-05-23T22:31:54
================================================================================
[2025-05-23T22:32:52.939+0000] {manager.py:878} INFO - 
================================================================================
DAG File Processing Stats

File Path                           PID    Runtime      # DAGs    # Errors  Last Runtime    Last Run
----------------------------------  -----  ---------  --------  ----------  --------------  -------------------
/opt/airflow/dags/xls_parse_dag.py                           1           0  0.34s           2025-05-23T22:32:25
================================================================================
[2025-05-23T22:33:23.451+0000] {manager.py:878} INFO - 
================================================================================
DAG File Processing Stats

File Path                           PID    Runtime      # DAGs    # Errors  Last Runtime    Last Run
----------------------------------  -----  ---------  --------  ----------  --------------  -------------------
/opt/airflow/dags/xls_parse_dag.py                           1           0  0.34s           2025-05-23T22:32:55
================================================================================
[2025-05-23T22:33:53.924+0000] {manager.py:878} INFO - 
================================================================================
DAG File Processing Stats

File Path                           PID    Runtime      # DAGs    # Errors  Last Runtime    Last Run
----------------------------------  -----  ---------  --------  ----------  --------------  -------------------
/opt/airflow/dags/xls_parse_dag.py                           1           0  0.32s           2025-05-23T22:33:26
================================================================================
[2025-05-23T22:34:24.415+0000] {manager.py:878} INFO - 
================================================================================
DAG File Processing Stats

File Path                           PID    Runtime      # DAGs    # Errors  Last Runtime    Last Run
----------------------------------  -----  ---------  --------  ----------  --------------  -------------------
/opt/airflow/dags/xls_parse_dag.py                           1           0  0.32s           2025-05-23T22:33:56
================================================================================
[2025-05-23T22:34:54.936+0000] {manager.py:878} INFO - 
================================================================================
DAG File Processing Stats

File Path                           PID    Runtime      # DAGs    # Errors  Last Runtime    Last Run
----------------------------------  -----  ---------  --------  ----------  --------------  -------------------
/opt/airflow/dags/xls_parse_dag.py                           1           0  0.35s           2025-05-23T22:34:27
================================================================================
[2025-05-23T22:35:25.452+0000] {manager.py:878} INFO - 
================================================================================
DAG File Processing Stats

File Path                           PID    Runtime      # DAGs    # Errors  Last Runtime    Last Run
----------------------------------  -----  ---------  --------  ----------  --------------  -------------------
/opt/airflow/dags/xls_parse_dag.py                           1           0  0.35s           2025-05-23T22:34:57
================================================================================
[2025-05-23T22:35:51.950+0000] {manager.py:737} INFO - Searching for files in /opt/airflow/dags
[2025-05-23T22:35:51.956+0000] {manager.py:740} INFO - There are 1 files in /opt/airflow/dags
[2025-05-23T22:35:55.987+0000] {manager.py:878} INFO - 
================================================================================
DAG File Processing Stats

File Path                           PID    Runtime      # DAGs    # Errors  Last Runtime    Last Run
----------------------------------  -----  ---------  --------  ----------  --------------  -------------------
/opt/airflow/dags/xls_parse_dag.py                           1           0  0.32s           2025-05-23T22:35:28
================================================================================
[2025-05-23T22:36:26.475+0000] {manager.py:878} INFO - 
================================================================================
DAG File Processing Stats

File Path                           PID    Runtime      # DAGs    # Errors  Last Runtime    Last Run
----------------------------------  -----  ---------  --------  ----------  --------------  -------------------
/opt/airflow/dags/xls_parse_dag.py                           1           0  0.33s           2025-05-23T22:35:58
================================================================================
[2025-05-23T22:36:56.941+0000] {manager.py:878} INFO - 
================================================================================
DAG File Processing Stats

File Path                           PID    Runtime      # DAGs    # Errors  Last Runtime    Last Run
----------------------------------  -----  ---------  --------  ----------  --------------  -------------------
/opt/airflow/dags/xls_parse_dag.py                           1           0  0.39s           2025-05-23T22:36:29
================================================================================
[2025-05-23T22:37:27.561+0000] {manager.py:878} INFO - 
================================================================================
DAG File Processing Stats

File Path                           PID    Runtime      # DAGs    # Errors  Last Runtime    Last Run
----------------------------------  -----  ---------  --------  ----------  --------------  -------------------
/opt/airflow/dags/xls_parse_dag.py                           1           0  0.34s           2025-05-23T22:36:59
================================================================================
[2025-05-23T22:37:58.055+0000] {manager.py:878} INFO - 
================================================================================
DAG File Processing Stats

File Path                           PID    Runtime      # DAGs    # Errors  Last Runtime    Last Run
----------------------------------  -----  ---------  --------  ----------  --------------  -------------------
/opt/airflow/dags/xls_parse_dag.py                           1           0  0.35s           2025-05-23T22:37:30
================================================================================
[2025-05-23T22:38:28.565+0000] {manager.py:878} INFO - 
================================================================================
DAG File Processing Stats

File Path                           PID    Runtime      # DAGs    # Errors  Last Runtime    Last Run
----------------------------------  -----  ---------  --------  ----------  --------------  -------------------
/opt/airflow/dags/xls_parse_dag.py                           1           0  0.32s           2025-05-23T22:38:00
================================================================================
[2025-05-23T22:38:59.033+0000] {manager.py:878} INFO - 
================================================================================
DAG File Processing Stats

File Path                           PID    Runtime      # DAGs    # Errors  Last Runtime    Last Run
----------------------------------  -----  ---------  --------  ----------  --------------  -------------------
/opt/airflow/dags/xls_parse_dag.py                           1           0  0.34s           2025-05-23T22:38:31
================================================================================
[2025-05-23T22:39:29.570+0000] {manager.py:878} INFO - 
================================================================================
DAG File Processing Stats

File Path                           PID    Runtime      # DAGs    # Errors  Last Runtime    Last Run
----------------------------------  -----  ---------  --------  ----------  --------------  -------------------
/opt/airflow/dags/xls_parse_dag.py                           1           0  0.38s           2025-05-23T22:39:01
================================================================================
[2025-05-23T22:40:00.139+0000] {manager.py:878} INFO - 
================================================================================
DAG File Processing Stats

File Path                           PID    Runtime      # DAGs    # Errors  Last Runtime    Last Run
----------------------------------  -----  ---------  --------  ----------  --------------  -------------------
/opt/airflow/dags/xls_parse_dag.py                           1           0  0.33s           2025-05-23T22:39:32
================================================================================
[2025-05-23T22:40:30.652+0000] {manager.py:878} INFO - 
================================================================================
DAG File Processing Stats

File Path                           PID    Runtime      # DAGs    # Errors  Last Runtime    Last Run
----------------------------------  -----  ---------  --------  ----------  --------------  -------------------
/opt/airflow/dags/xls_parse_dag.py                           1           0  0.36s           2025-05-23T22:40:02
================================================================================
[2025-05-23T22:40:52.144+0000] {manager.py:737} INFO - Searching for files in /opt/airflow/dags
[2025-05-23T22:40:52.151+0000] {manager.py:740} INFO - There are 1 files in /opt/airflow/dags
[2025-05-23T22:41:01.205+0000] {manager.py:878} INFO - 
================================================================================
DAG File Processing Stats

File Path                           PID    Runtime      # DAGs    # Errors  Last Runtime    Last Run
----------------------------------  -----  ---------  --------  ----------  --------------  -------------------
/opt/airflow/dags/xls_parse_dag.py                           1           0  0.33s           2025-05-23T22:40:33
================================================================================
[2025-05-23T22:41:31.681+0000] {manager.py:878} INFO - 
================================================================================
DAG File Processing Stats

File Path                           PID    Runtime      # DAGs    # Errors  Last Runtime    Last Run
----------------------------------  -----  ---------  --------  ----------  --------------  -------------------
/opt/airflow/dags/xls_parse_dag.py                           1           0  0.36s           2025-05-23T22:41:03
================================================================================
[2025-05-23T22:42:02.160+0000] {manager.py:878} INFO - 
================================================================================
DAG File Processing Stats

File Path                           PID    Runtime      # DAGs    # Errors  Last Runtime    Last Run
----------------------------------  -----  ---------  --------  ----------  --------------  -------------------
/opt/airflow/dags/xls_parse_dag.py                           1           0  0.32s           2025-05-23T22:41:34
================================================================================
[2025-05-23T22:42:32.673+0000] {manager.py:878} INFO - 
================================================================================
DAG File Processing Stats

File Path                           PID    Runtime      # DAGs    # Errors  Last Runtime    Last Run
----------------------------------  -----  ---------  --------  ----------  --------------  -------------------
/opt/airflow/dags/xls_parse_dag.py                           1           0  0.34s           2025-05-23T22:42:04
================================================================================
[2025-05-23T22:43:03.182+0000] {manager.py:878} INFO - 
================================================================================
DAG File Processing Stats

File Path                           PID    Runtime      # DAGs    # Errors  Last Runtime    Last Run
----------------------------------  -----  ---------  --------  ----------  --------------  -------------------
/opt/airflow/dags/xls_parse_dag.py                           1           0  0.34s           2025-05-23T22:42:35
================================================================================
[2025-05-23T22:43:33.673+0000] {manager.py:878} INFO - 
================================================================================
DAG File Processing Stats

File Path                           PID    Runtime      # DAGs    # Errors  Last Runtime    Last Run
----------------------------------  -----  ---------  --------  ----------  --------------  -------------------
/opt/airflow/dags/xls_parse_dag.py                           1           0  0.32s           2025-05-23T22:43:05
================================================================================
[2025-05-23T22:44:04.166+0000] {manager.py:878} INFO - 
================================================================================
DAG File Processing Stats

File Path                           PID    Runtime      # DAGs    # Errors  Last Runtime    Last Run
----------------------------------  -----  ---------  --------  ----------  --------------  -------------------
/opt/airflow/dags/xls_parse_dag.py                           1           0  0.33s           2025-05-23T22:43:36
================================================================================
[2025-05-23T22:44:34.684+0000] {manager.py:878} INFO - 
================================================================================
DAG File Processing Stats

File Path                           PID    Runtime      # DAGs    # Errors  Last Runtime    Last Run
----------------------------------  -----  ---------  --------  ----------  --------------  -------------------
/opt/airflow/dags/xls_parse_dag.py                           1           0  0.31s           2025-05-23T22:44:06
================================================================================
[2025-05-23T22:45:05.192+0000] {manager.py:878} INFO - 
================================================================================
DAG File Processing Stats

File Path                           PID    Runtime      # DAGs    # Errors  Last Runtime    Last Run
----------------------------------  -----  ---------  --------  ----------  --------------  -------------------
/opt/airflow/dags/xls_parse_dag.py                           1           0  0.33s           2025-05-23T22:44:37
================================================================================
[2025-05-23T22:45:35.657+0000] {manager.py:878} INFO - 
================================================================================
DAG File Processing Stats

File Path                           PID    Runtime      # DAGs    # Errors  Last Runtime    Last Run
----------------------------------  -----  ---------  --------  ----------  --------------  -------------------
/opt/airflow/dags/xls_parse_dag.py                           1           0  0.35s           2025-05-23T22:45:07
================================================================================
[2025-05-23T22:45:52.433+0000] {manager.py:737} INFO - Searching for files in /opt/airflow/dags
[2025-05-23T22:45:52.438+0000] {manager.py:740} INFO - There are 1 files in /opt/airflow/dags
[2025-05-23T22:46:06.179+0000] {manager.py:878} INFO - 
================================================================================
DAG File Processing Stats

File Path                           PID    Runtime      # DAGs    # Errors  Last Runtime    Last Run
----------------------------------  -----  ---------  --------  ----------  --------------  -------------------
/opt/airflow/dags/xls_parse_dag.py                           1           0  0.33s           2025-05-23T22:45:38
================================================================================
[2025-05-23T22:46:36.736+0000] {manager.py:878} INFO - 
================================================================================
DAG File Processing Stats

File Path                           PID    Runtime      # DAGs    # Errors  Last Runtime    Last Run
----------------------------------  -----  ---------  --------  ----------  --------------  -------------------
/opt/airflow/dags/xls_parse_dag.py                           1           0  0.34s           2025-05-23T22:46:08
================================================================================
[2025-05-23T22:47:07.254+0000] {manager.py:878} INFO - 
================================================================================
DAG File Processing Stats

File Path                           PID    Runtime      # DAGs    # Errors  Last Runtime    Last Run
----------------------------------  -----  ---------  --------  ----------  --------------  -------------------
/opt/airflow/dags/xls_parse_dag.py                           1           0  0.33s           2025-05-23T22:46:39
================================================================================
[2025-05-23T22:47:37.748+0000] {manager.py:878} INFO - 
================================================================================
DAG File Processing Stats

File Path                           PID    Runtime      # DAGs    # Errors  Last Runtime    Last Run
----------------------------------  -----  ---------  --------  ----------  --------------  -------------------
/opt/airflow/dags/xls_parse_dag.py                           1           0  0.33s           2025-05-23T22:47:09
================================================================================
[2025-05-23T22:48:08.308+0000] {manager.py:878} INFO - 
================================================================================
DAG File Processing Stats

File Path                           PID    Runtime      # DAGs    # Errors  Last Runtime    Last Run
----------------------------------  -----  ---------  --------  ----------  --------------  -------------------
/opt/airflow/dags/xls_parse_dag.py                           1           0  0.33s           2025-05-23T22:47:40
================================================================================
[2025-05-23T22:48:38.831+0000] {manager.py:878} INFO - 
================================================================================
DAG File Processing Stats

File Path                           PID    Runtime      # DAGs    # Errors  Last Runtime    Last Run
----------------------------------  -----  ---------  --------  ----------  --------------  -------------------
/opt/airflow/dags/xls_parse_dag.py                           1           0  0.33s           2025-05-23T22:48:10
================================================================================
[2025-05-23T22:49:09.375+0000] {manager.py:878} INFO - 
================================================================================
DAG File Processing Stats

File Path                           PID    Runtime      # DAGs    # Errors  Last Runtime    Last Run
----------------------------------  -----  ---------  --------  ----------  --------------  -------------------
/opt/airflow/dags/xls_parse_dag.py                           1           0  0.33s           2025-05-23T22:48:41
================================================================================
[2025-05-23T22:49:39.877+0000] {manager.py:878} INFO - 
================================================================================
DAG File Processing Stats

File Path                           PID    Runtime      # DAGs    # Errors  Last Runtime    Last Run
----------------------------------  -----  ---------  --------  ----------  --------------  -------------------
/opt/airflow/dags/xls_parse_dag.py                           1           0  0.33s           2025-05-23T22:49:12
================================================================================
[2025-05-23T22:49:55.884+0000] {manager.py:452} INFO - Exiting gracefully upon receiving signal 15
[2025-05-23T22:52:26.974+0000] {manager.py:470} INFO - Processing files using up to 2 processes at a time 
[2025-05-23T22:52:26.976+0000] {manager.py:471} INFO - Process each file at most once every 30 seconds
[2025-05-23T22:52:26.976+0000] {manager.py:472} INFO - Checking for new files in /opt/airflow/dags every 300 seconds
[2025-05-23T22:52:26.976+0000] {manager.py:737} INFO - Searching for files in /opt/airflow/dags
[2025-05-23T22:52:26.986+0000] {manager.py:740} INFO - There are 1 files in /opt/airflow/dags
[2025-05-23T22:52:27.040+0000] {manager.py:878} INFO - 
================================================================================
DAG File Processing Stats

File Path                             PID  Runtime      # DAGs    # Errors  Last Runtime    Last Run
----------------------------------  -----  ---------  --------  ----------  --------------  ----------
/opt/airflow/dags/xls_parse_dag.py     71  0.02s             0           0
================================================================================
[2025-05-23T22:52:57.168+0000] {manager.py:878} INFO - 
================================================================================
DAG File Processing Stats

File Path                           PID    Runtime      # DAGs    # Errors  Last Runtime    Last Run
----------------------------------  -----  ---------  --------  ----------  --------------  -------------------
/opt/airflow/dags/xls_parse_dag.py                           1           0  1.87s           2025-05-23T22:52:28
================================================================================
[2025-05-23T22:53:27.274+0000] {manager.py:878} INFO - 
================================================================================
DAG File Processing Stats

File Path                           PID    Runtime      # DAGs    # Errors  Last Runtime    Last Run
----------------------------------  -----  ---------  --------  ----------  --------------  -------------------
/opt/airflow/dags/xls_parse_dag.py                           1           0  0.35s           2025-05-23T22:52:59
================================================================================
[2025-05-23T22:53:57.586+0000] {manager.py:878} INFO - 
================================================================================
DAG File Processing Stats

File Path                           PID    Runtime      # DAGs    # Errors  Last Runtime    Last Run
----------------------------------  -----  ---------  --------  ----------  --------------  -------------------
/opt/airflow/dags/xls_parse_dag.py                           1           0  0.45s           2025-05-23T22:53:29
================================================================================
[2025-05-23T22:54:13.486+0000] {manager.py:452} INFO - Exiting gracefully upon receiving signal 15
