[2025-05-23T22:18:09.177+0000] {local_task_job_runner.py:120} INFO - ::group::Pre task execution logs
[2025-05-23T22:18:09.191+0000] {taskinstance.py:2076} INFO - Dependencies all met for dep_context=non-requeueable deps ti=<TaskInstance: single_family_pipeline.transform_and_upload manual__2025-05-23T22:18:07.127594+00:00 [queued]>
[2025-05-23T22:18:09.195+0000] {taskinstance.py:2076} INFO - Dependencies all met for dep_context=requeueable deps ti=<TaskInstance: single_family_pipeline.transform_and_upload manual__2025-05-23T22:18:07.127594+00:00 [queued]>
[2025-05-23T22:18:09.195+0000] {taskinstance.py:2306} INFO - Starting attempt 1 of 1
[2025-05-23T22:18:09.201+0000] {taskinstance.py:2330} INFO - Executing <Task(PythonOperator): transform_and_upload> on 2025-05-23 22:18:07.127594+00:00
[2025-05-23T22:18:09.205+0000] {warnings.py:112} WARNING - /home/***/.local/lib/python3.12/site-packages/***/task/task_runner/standard_task_runner.py:61: DeprecationWarning: This process (pid=135) is multi-threaded, use of fork() may lead to deadlocks in the child.
  pid = os.fork()

[2025-05-23T22:18:09.205+0000] {standard_task_runner.py:63} INFO - Started process 137 to run task
[2025-05-23T22:18:09.206+0000] {standard_task_runner.py:90} INFO - Running: ['***', 'tasks', 'run', 'single_family_pipeline', 'transform_and_upload', 'manual__2025-05-23T22:18:07.127594+00:00', '--job-id', '3', '--raw', '--subdir', 'DAGS_FOLDER/xls_parse_dag.py', '--cfg-path', '/tmp/tmp4s5d349q']
[2025-05-23T22:18:09.207+0000] {standard_task_runner.py:91} INFO - Job 3: Subtask transform_and_upload
[2025-05-23T22:18:09.230+0000] {task_command.py:426} INFO - Running <TaskInstance: single_family_pipeline.transform_and_upload manual__2025-05-23T22:18:07.127594+00:00 [running]> on host d0e023f5c2a5
[2025-05-23T22:18:09.273+0000] {taskinstance.py:2648} INFO - Exporting env vars: AIRFLOW_CTX_DAG_OWNER='***' AIRFLOW_CTX_DAG_ID='single_family_pipeline' AIRFLOW_CTX_TASK_ID='transform_and_upload' AIRFLOW_CTX_EXECUTION_DATE='2025-05-23T22:18:07.127594+00:00' AIRFLOW_CTX_TRY_NUMBER='1' AIRFLOW_CTX_DAG_RUN_ID='manual__2025-05-23T22:18:07.127594+00:00'
[2025-05-23T22:18:09.274+0000] {taskinstance.py:430} INFO - ::endgroup::
[2025-05-23T22:18:12.520+0000] {logging_mixin.py:188} INFO - Columns in XLS: ['Reference Pool ID', 'Loan Identifier', 'Monthly Reporting Period', 'Channel', 'Seller Name', 'Servicer Name', 'Master Servicer', 'Original Interest Rate', 'Current Interest Rate', 'Original UPB', 'UPB at Issuance', 'Current Actual UPB', 'Original Loan Term', 'Origination Date', 'First Payment Date', 'Loan Age', 'Remaining Months to Legal Maturity', 'Remaining Months To Maturity', 'Maturity Date', 'Original Loan to Value Ratio (LTV)', 'Original Combined Loan to Value Ratio (CLTV)', 'Number of Borrowers', 'Debt-To-Income (DTI)', 'Borrower Credit Score at Origination', 'Co-Borrower Credit Score at Origination', 'First Time Home Buyer Indicator', 'Loan Purpose', 'Property Type', 'Number of Units', 'Occupancy Status', 'Property State', 'Metropolitan Statistical Area (MSA)', 'Zip Code Short', 'Mortgage Insurance Percentage', 'Amortization Type', 'Prepayment Penalty Indicator', 'Interest Only Loan Indicator', 'Interest Only First Principal And Interest Payment Date', 'Months to Amortization', 'Current Loan Delinquency Status', 'Loan Payment History', 'Modification Flag', 'Mortgage Insurance Cancellation Indicator', 'Zero Balance Code', 'Zero Balance Effective Date', 'UPB at the Time of Removal', 'Repurchase Date', 'Scheduled Principal Current', 'Total Principal Current', 'Unscheduled Principal Current', 'Last Paid Installment Date', 'Foreclosure Date', 'Disposition Date', 'Foreclosure Costs', 'Property Preservation and Repair Costs', 'Asset Recovery Costs', 'Miscellaneous Holding Expenses and Credits', 'Associated Taxes for Holding Property', 'Net Sales Proceeds', 'Credit Enhancement Proceeds', 'Repurchase Make Whole Proceeds', 'Other Foreclosure Proceeds', 'Modification-Related Non-Interest Bearing UPB', 'Principal Forgiveness Amount', 'Original List Start Date', 'Original List Price', 'Current List Start Date', 'Current List Price', 'Borrower Credit Score At Issuance', 'Co-Borrower Credit Score At Issuance', 'Borrower Credit Score Current', 'Co-Borrower Credit Score Current', 'Mortgage Insurance Type', 'Servicing Activity Indicator', 'Current Period Modification Loss Amount', 'Cumulative Modification Loss Amount', 'Current Period Credit Event Net Gain or Loss', 'Cumulative Credit Event Net Gain or Loss', 'Special Eligibility Program', 'Foreclosure Principal Write-off Amount', 'Relocation Mortgage Indicator', 'Zero Balance Code Change Date', 'Loan Holdback Indicator', 'Loan Holdback Effective Date', 'Delinquent Accrued Interest', 'Property Valuation Method', 'High Balance Loan Indicator', 'ARM Initial Fixed-Rate Period  ≤ 5 YR Indicator', 'ARM Product Type', 'Initial Fixed-Rate Period', 'Interest Rate Adjustment Frequency', 'Next Interest Rate Adjustment Date', 'Next Payment Change Date', 'Index', 'ARM Cap Structure', 'Initial Interest Rate Cap Up Percent', 'Periodic Interest Rate Cap Up Percent', 'Lifetime Interest Rate Cap Up Percent', 'Mortgage Margin', 'ARM Balloon Indicator', 'ARM Plan Number', 'Borrower Assistance Plan', 'High Loan to Value (HLTV) Refinance Option Indicator', 'Deal Name', 'Repurchase Make Whole Proceeds Flag', 'Alternative Delinquency Resolution', 'Alternative Delinquency  Resolution Count', 'Total Deferral Amount', 'Payment Deferral Modification Event Indicator', 'Interest Bearing UPB']
[2025-05-23T22:18:12.520+0000] {logging_mixin.py:188} INFO - Applying XLS transformations
[2025-05-23T22:18:12.548+0000] {logging_mixin.py:188} INFO - apply  xls transform completed      Reference Pool ID  Loan Identifier  ... Loan Payment History Modification Flag
0                  NaN     100023020488  ...                  NaN                 N
1                  NaN     100023020488  ...                  NaN                 N
2                  NaN     100023020488  ...                  NaN                 N
3                  NaN     100023020488  ...                  NaN                 N
4                  NaN     100023020488  ...                  NaN                 N
..                 ...              ...  ...                  ...               ...
752                NaN     102458150755  ...                  NaN                 N
753                NaN     102458150755  ...                  NaN                 N
754                NaN     102458150755  ...                  0.0                 N
755                NaN     102458150755  ...                  0.0                 N
756                NaN     102458150755  ...                  0.0                 N

[757 rows x 42 columns]
[2025-05-23T22:18:12.744+0000] {python.py:237} INFO - Done. Returned value was: None
[2025-05-23T22:18:12.744+0000] {taskinstance.py:441} INFO - ::group::Post task execution logs
[2025-05-23T22:18:12.748+0000] {taskinstance.py:1206} INFO - Marking task as SUCCESS. dag_id=single_family_pipeline, task_id=transform_and_upload, run_id=manual__2025-05-23T22:18:07.127594+00:00, execution_date=20250523T221807, start_date=20250523T221809, end_date=20250523T221812
[2025-05-23T22:18:12.778+0000] {local_task_job_runner.py:240} INFO - Task exited with return code 0
[2025-05-23T22:18:12.790+0000] {taskinstance.py:3503} INFO - 1 downstream tasks scheduled from follow-on schedule check
[2025-05-23T22:18:12.791+0000] {local_task_job_runner.py:222} INFO - ::endgroup::
