[2025-05-23T22:14:22.534+0000] {processor.py:161} INFO - Started process (PID=71) to work on /opt/airflow/dags/xls_parse_dag.py
[2025-05-23T22:14:22.538+0000] {processor.py:830} INFO - Processing file /opt/airflow/dags/xls_parse_dag.py for tasks to queue
[2025-05-23T22:14:22.541+0000] {logging_mixin.py:188} INFO - [2025-05-23T22:14:22.540+0000] {dagbag.py:545} INFO - Filling up the DagBag from /opt/airflow/dags/xls_parse_dag.py
[2025-05-23T22:14:24.147+0000] {processor.py:840} INFO - DAG(s) 'single_family_pipeline' retrieved from /opt/airflow/dags/xls_parse_dag.py
[2025-05-23T22:14:24.326+0000] {logging_mixin.py:188} INFO - [2025-05-23T22:14:24.325+0000] {override.py:1829} INFO - Created Permission View: can read on DAG:single_family_pipeline
[2025-05-23T22:14:24.333+0000] {logging_mixin.py:188} INFO - [2025-05-23T22:14:24.333+0000] {override.py:1829} INFO - Created Permission View: can delete on DAG:single_family_pipeline
[2025-05-23T22:14:24.338+0000] {logging_mixin.py:188} INFO - [2025-05-23T22:14:24.338+0000] {override.py:1829} INFO - Created Permission View: can edit on DAG:single_family_pipeline
[2025-05-23T22:14:24.339+0000] {logging_mixin.py:188} INFO - [2025-05-23T22:14:24.339+0000] {dag.py:3096} INFO - Sync 1 DAGs
[2025-05-23T22:14:24.346+0000] {logging_mixin.py:188} INFO - [2025-05-23T22:14:24.345+0000] {dag.py:3118} INFO - Creating ORM DAG for single_family_pipeline
[2025-05-23T22:14:24.346+0000] {logging_mixin.py:188} INFO - [2025-05-23T22:14:24.346+0000] {dag.py:3954} INFO - Setting next_dagrun for single_family_pipeline to None, run_after=None
[2025-05-23T22:14:24.357+0000] {processor.py:183} INFO - Processing /opt/airflow/dags/xls_parse_dag.py took 1.826 seconds
[2025-05-23T22:14:54.527+0000] {processor.py:161} INFO - Started process (PID=84) to work on /opt/airflow/dags/xls_parse_dag.py
[2025-05-23T22:14:54.528+0000] {processor.py:830} INFO - Processing file /opt/airflow/dags/xls_parse_dag.py for tasks to queue
[2025-05-23T22:14:54.529+0000] {logging_mixin.py:188} INFO - [2025-05-23T22:14:54.529+0000] {dagbag.py:545} INFO - Filling up the DagBag from /opt/airflow/dags/xls_parse_dag.py
[2025-05-23T22:14:54.847+0000] {processor.py:840} INFO - DAG(s) 'single_family_pipeline' retrieved from /opt/airflow/dags/xls_parse_dag.py
[2025-05-23T22:14:54.875+0000] {logging_mixin.py:188} INFO - [2025-05-23T22:14:54.875+0000] {dag.py:3096} INFO - Sync 1 DAGs
[2025-05-23T22:14:54.880+0000] {logging_mixin.py:188} INFO - [2025-05-23T22:14:54.880+0000] {dag.py:3954} INFO - Setting next_dagrun for single_family_pipeline to None, run_after=None
[2025-05-23T22:14:54.888+0000] {processor.py:183} INFO - Processing /opt/airflow/dags/xls_parse_dag.py took 0.364 seconds
[2025-05-23T22:15:25.053+0000] {processor.py:161} INFO - Started process (PID=91) to work on /opt/airflow/dags/xls_parse_dag.py
[2025-05-23T22:15:25.054+0000] {processor.py:830} INFO - Processing file /opt/airflow/dags/xls_parse_dag.py for tasks to queue
[2025-05-23T22:15:25.055+0000] {logging_mixin.py:188} INFO - [2025-05-23T22:15:25.055+0000] {dagbag.py:545} INFO - Filling up the DagBag from /opt/airflow/dags/xls_parse_dag.py
[2025-05-23T22:15:25.333+0000] {processor.py:840} INFO - DAG(s) 'single_family_pipeline' retrieved from /opt/airflow/dags/xls_parse_dag.py
[2025-05-23T22:15:25.346+0000] {logging_mixin.py:188} INFO - [2025-05-23T22:15:25.346+0000] {dag.py:3096} INFO - Sync 1 DAGs
[2025-05-23T22:15:25.351+0000] {logging_mixin.py:188} INFO - [2025-05-23T22:15:25.351+0000] {dag.py:3954} INFO - Setting next_dagrun for single_family_pipeline to None, run_after=None
[2025-05-23T22:15:25.359+0000] {processor.py:183} INFO - Processing /opt/airflow/dags/xls_parse_dag.py took 0.310 seconds
[2025-05-23T22:15:55.559+0000] {processor.py:161} INFO - Started process (PID=99) to work on /opt/airflow/dags/xls_parse_dag.py
[2025-05-23T22:15:55.560+0000] {processor.py:830} INFO - Processing file /opt/airflow/dags/xls_parse_dag.py for tasks to queue
[2025-05-23T22:15:55.561+0000] {logging_mixin.py:188} INFO - [2025-05-23T22:15:55.561+0000] {dagbag.py:545} INFO - Filling up the DagBag from /opt/airflow/dags/xls_parse_dag.py
[2025-05-23T22:15:55.842+0000] {processor.py:840} INFO - DAG(s) 'single_family_pipeline' retrieved from /opt/airflow/dags/xls_parse_dag.py
[2025-05-23T22:15:55.852+0000] {logging_mixin.py:188} INFO - [2025-05-23T22:15:55.852+0000] {dag.py:3096} INFO - Sync 1 DAGs
[2025-05-23T22:15:55.857+0000] {logging_mixin.py:188} INFO - [2025-05-23T22:15:55.857+0000] {dag.py:3954} INFO - Setting next_dagrun for single_family_pipeline to None, run_after=None
[2025-05-23T22:15:55.869+0000] {processor.py:183} INFO - Processing /opt/airflow/dags/xls_parse_dag.py took 0.314 seconds
[2025-05-23T22:16:26.021+0000] {processor.py:161} INFO - Started process (PID=107) to work on /opt/airflow/dags/xls_parse_dag.py
[2025-05-23T22:16:26.022+0000] {processor.py:830} INFO - Processing file /opt/airflow/dags/xls_parse_dag.py for tasks to queue
[2025-05-23T22:16:26.023+0000] {logging_mixin.py:188} INFO - [2025-05-23T22:16:26.023+0000] {dagbag.py:545} INFO - Filling up the DagBag from /opt/airflow/dags/xls_parse_dag.py
[2025-05-23T22:16:26.305+0000] {processor.py:840} INFO - DAG(s) 'single_family_pipeline' retrieved from /opt/airflow/dags/xls_parse_dag.py
[2025-05-23T22:16:26.316+0000] {logging_mixin.py:188} INFO - [2025-05-23T22:16:26.315+0000] {dag.py:3096} INFO - Sync 1 DAGs
[2025-05-23T22:16:26.321+0000] {logging_mixin.py:188} INFO - [2025-05-23T22:16:26.321+0000] {dag.py:3954} INFO - Setting next_dagrun for single_family_pipeline to None, run_after=None
[2025-05-23T22:16:26.329+0000] {processor.py:183} INFO - Processing /opt/airflow/dags/xls_parse_dag.py took 0.312 seconds
[2025-05-23T22:16:56.512+0000] {processor.py:161} INFO - Started process (PID=115) to work on /opt/airflow/dags/xls_parse_dag.py
[2025-05-23T22:16:56.512+0000] {processor.py:830} INFO - Processing file /opt/airflow/dags/xls_parse_dag.py for tasks to queue
[2025-05-23T22:16:56.514+0000] {logging_mixin.py:188} INFO - [2025-05-23T22:16:56.514+0000] {dagbag.py:545} INFO - Filling up the DagBag from /opt/airflow/dags/xls_parse_dag.py
[2025-05-23T22:16:56.780+0000] {processor.py:840} INFO - DAG(s) 'single_family_pipeline' retrieved from /opt/airflow/dags/xls_parse_dag.py
[2025-05-23T22:16:56.791+0000] {logging_mixin.py:188} INFO - [2025-05-23T22:16:56.791+0000] {dag.py:3096} INFO - Sync 1 DAGs
[2025-05-23T22:16:56.796+0000] {logging_mixin.py:188} INFO - [2025-05-23T22:16:56.796+0000] {dag.py:3954} INFO - Setting next_dagrun for single_family_pipeline to None, run_after=None
[2025-05-23T22:16:56.804+0000] {processor.py:183} INFO - Processing /opt/airflow/dags/xls_parse_dag.py took 0.298 seconds
[2025-05-23T22:17:26.959+0000] {processor.py:161} INFO - Started process (PID=122) to work on /opt/airflow/dags/xls_parse_dag.py
[2025-05-23T22:17:26.959+0000] {processor.py:830} INFO - Processing file /opt/airflow/dags/xls_parse_dag.py for tasks to queue
[2025-05-23T22:17:26.961+0000] {logging_mixin.py:188} INFO - [2025-05-23T22:17:26.960+0000] {dagbag.py:545} INFO - Filling up the DagBag from /opt/airflow/dags/xls_parse_dag.py
[2025-05-23T22:17:27.243+0000] {processor.py:840} INFO - DAG(s) 'single_family_pipeline' retrieved from /opt/airflow/dags/xls_parse_dag.py
[2025-05-23T22:17:27.254+0000] {logging_mixin.py:188} INFO - [2025-05-23T22:17:27.253+0000] {dag.py:3096} INFO - Sync 1 DAGs
[2025-05-23T22:17:27.258+0000] {logging_mixin.py:188} INFO - [2025-05-23T22:17:27.258+0000] {dag.py:3954} INFO - Setting next_dagrun for single_family_pipeline to None, run_after=None
[2025-05-23T22:17:27.266+0000] {processor.py:183} INFO - Processing /opt/airflow/dags/xls_parse_dag.py took 0.311 seconds
[2025-05-23T22:17:57.442+0000] {processor.py:161} INFO - Started process (PID=130) to work on /opt/airflow/dags/xls_parse_dag.py
[2025-05-23T22:17:57.443+0000] {processor.py:830} INFO - Processing file /opt/airflow/dags/xls_parse_dag.py for tasks to queue
[2025-05-23T22:17:57.444+0000] {logging_mixin.py:188} INFO - [2025-05-23T22:17:57.444+0000] {dagbag.py:545} INFO - Filling up the DagBag from /opt/airflow/dags/xls_parse_dag.py
[2025-05-23T22:17:57.765+0000] {processor.py:840} INFO - DAG(s) 'single_family_pipeline' retrieved from /opt/airflow/dags/xls_parse_dag.py
[2025-05-23T22:17:57.780+0000] {logging_mixin.py:188} INFO - [2025-05-23T22:17:57.780+0000] {dag.py:3096} INFO - Sync 1 DAGs
[2025-05-23T22:17:57.787+0000] {logging_mixin.py:188} INFO - [2025-05-23T22:17:57.786+0000] {dag.py:3954} INFO - Setting next_dagrun for single_family_pipeline to None, run_after=None
[2025-05-23T22:17:57.797+0000] {processor.py:183} INFO - Processing /opt/airflow/dags/xls_parse_dag.py took 0.360 seconds
[2025-05-23T22:18:27.932+0000] {processor.py:161} INFO - Started process (PID=138) to work on /opt/airflow/dags/xls_parse_dag.py
[2025-05-23T22:18:27.934+0000] {processor.py:830} INFO - Processing file /opt/airflow/dags/xls_parse_dag.py for tasks to queue
[2025-05-23T22:18:27.937+0000] {logging_mixin.py:188} INFO - [2025-05-23T22:18:27.937+0000] {dagbag.py:545} INFO - Filling up the DagBag from /opt/airflow/dags/xls_parse_dag.py
[2025-05-23T22:18:28.321+0000] {processor.py:840} INFO - DAG(s) 'single_family_pipeline' retrieved from /opt/airflow/dags/xls_parse_dag.py
[2025-05-23T22:18:28.333+0000] {logging_mixin.py:188} INFO - [2025-05-23T22:18:28.333+0000] {dag.py:3096} INFO - Sync 1 DAGs
[2025-05-23T22:18:28.339+0000] {logging_mixin.py:188} INFO - [2025-05-23T22:18:28.339+0000] {dag.py:3954} INFO - Setting next_dagrun for single_family_pipeline to None, run_after=None
[2025-05-23T22:18:28.350+0000] {processor.py:183} INFO - Processing /opt/airflow/dags/xls_parse_dag.py took 0.422 seconds
[2025-05-23T22:18:58.480+0000] {processor.py:161} INFO - Started process (PID=146) to work on /opt/airflow/dags/xls_parse_dag.py
[2025-05-23T22:18:58.480+0000] {processor.py:830} INFO - Processing file /opt/airflow/dags/xls_parse_dag.py for tasks to queue
[2025-05-23T22:18:58.481+0000] {logging_mixin.py:188} INFO - [2025-05-23T22:18:58.481+0000] {dagbag.py:545} INFO - Filling up the DagBag from /opt/airflow/dags/xls_parse_dag.py
[2025-05-23T22:18:58.861+0000] {processor.py:840} INFO - DAG(s) 'single_family_pipeline' retrieved from /opt/airflow/dags/xls_parse_dag.py
[2025-05-23T22:18:58.874+0000] {logging_mixin.py:188} INFO - [2025-05-23T22:18:58.874+0000] {dag.py:3096} INFO - Sync 1 DAGs
[2025-05-23T22:18:58.879+0000] {logging_mixin.py:188} INFO - [2025-05-23T22:18:58.879+0000] {dag.py:3954} INFO - Setting next_dagrun for single_family_pipeline to None, run_after=None
[2025-05-23T22:18:58.887+0000] {processor.py:183} INFO - Processing /opt/airflow/dags/xls_parse_dag.py took 0.411 seconds
[2025-05-23T22:19:29.050+0000] {processor.py:161} INFO - Started process (PID=154) to work on /opt/airflow/dags/xls_parse_dag.py
[2025-05-23T22:19:29.051+0000] {processor.py:830} INFO - Processing file /opt/airflow/dags/xls_parse_dag.py for tasks to queue
[2025-05-23T22:19:29.053+0000] {logging_mixin.py:188} INFO - [2025-05-23T22:19:29.052+0000] {dagbag.py:545} INFO - Filling up the DagBag from /opt/airflow/dags/xls_parse_dag.py
[2025-05-23T22:19:29.351+0000] {processor.py:840} INFO - DAG(s) 'single_family_pipeline' retrieved from /opt/airflow/dags/xls_parse_dag.py
[2025-05-23T22:19:29.362+0000] {logging_mixin.py:188} INFO - [2025-05-23T22:19:29.361+0000] {dag.py:3096} INFO - Sync 1 DAGs
[2025-05-23T22:19:29.368+0000] {logging_mixin.py:188} INFO - [2025-05-23T22:19:29.368+0000] {dag.py:3954} INFO - Setting next_dagrun for single_family_pipeline to None, run_after=None
[2025-05-23T22:19:29.381+0000] {processor.py:183} INFO - Processing /opt/airflow/dags/xls_parse_dag.py took 0.336 seconds
[2025-05-23T22:19:59.533+0000] {processor.py:161} INFO - Started process (PID=161) to work on /opt/airflow/dags/xls_parse_dag.py
[2025-05-23T22:19:59.534+0000] {processor.py:830} INFO - Processing file /opt/airflow/dags/xls_parse_dag.py for tasks to queue
[2025-05-23T22:19:59.537+0000] {logging_mixin.py:188} INFO - [2025-05-23T22:19:59.535+0000] {dagbag.py:545} INFO - Filling up the DagBag from /opt/airflow/dags/xls_parse_dag.py
[2025-05-23T22:19:59.818+0000] {processor.py:840} INFO - DAG(s) 'single_family_pipeline' retrieved from /opt/airflow/dags/xls_parse_dag.py
[2025-05-23T22:19:59.830+0000] {logging_mixin.py:188} INFO - [2025-05-23T22:19:59.830+0000] {dag.py:3096} INFO - Sync 1 DAGs
[2025-05-23T22:19:59.836+0000] {logging_mixin.py:188} INFO - [2025-05-23T22:19:59.836+0000] {dag.py:3954} INFO - Setting next_dagrun for single_family_pipeline to None, run_after=None
[2025-05-23T22:19:59.846+0000] {processor.py:183} INFO - Processing /opt/airflow/dags/xls_parse_dag.py took 0.316 seconds
[2025-05-23T22:20:30.034+0000] {processor.py:161} INFO - Started process (PID=169) to work on /opt/airflow/dags/xls_parse_dag.py
[2025-05-23T22:20:30.035+0000] {processor.py:830} INFO - Processing file /opt/airflow/dags/xls_parse_dag.py for tasks to queue
[2025-05-23T22:20:30.036+0000] {logging_mixin.py:188} INFO - [2025-05-23T22:20:30.036+0000] {dagbag.py:545} INFO - Filling up the DagBag from /opt/airflow/dags/xls_parse_dag.py
[2025-05-23T22:20:30.328+0000] {processor.py:840} INFO - DAG(s) 'single_family_pipeline' retrieved from /opt/airflow/dags/xls_parse_dag.py
[2025-05-23T22:20:30.339+0000] {logging_mixin.py:188} INFO - [2025-05-23T22:20:30.338+0000] {dag.py:3096} INFO - Sync 1 DAGs
[2025-05-23T22:20:30.343+0000] {logging_mixin.py:188} INFO - [2025-05-23T22:20:30.343+0000] {dag.py:3954} INFO - Setting next_dagrun for single_family_pipeline to None, run_after=None
[2025-05-23T22:20:30.351+0000] {processor.py:183} INFO - Processing /opt/airflow/dags/xls_parse_dag.py took 0.322 seconds
[2025-05-23T22:21:00.534+0000] {processor.py:161} INFO - Started process (PID=177) to work on /opt/airflow/dags/xls_parse_dag.py
[2025-05-23T22:21:00.535+0000] {processor.py:830} INFO - Processing file /opt/airflow/dags/xls_parse_dag.py for tasks to queue
[2025-05-23T22:21:00.536+0000] {logging_mixin.py:188} INFO - [2025-05-23T22:21:00.536+0000] {dagbag.py:545} INFO - Filling up the DagBag from /opt/airflow/dags/xls_parse_dag.py
[2025-05-23T22:21:00.872+0000] {processor.py:840} INFO - DAG(s) 'single_family_pipeline' retrieved from /opt/airflow/dags/xls_parse_dag.py
[2025-05-23T22:21:00.882+0000] {logging_mixin.py:188} INFO - [2025-05-23T22:21:00.882+0000] {dag.py:3096} INFO - Sync 1 DAGs
[2025-05-23T22:21:00.888+0000] {logging_mixin.py:188} INFO - [2025-05-23T22:21:00.888+0000] {dag.py:3954} INFO - Setting next_dagrun for single_family_pipeline to None, run_after=None
[2025-05-23T22:21:00.899+0000] {processor.py:183} INFO - Processing /opt/airflow/dags/xls_parse_dag.py took 0.370 seconds
[2025-05-23T22:21:31.049+0000] {processor.py:161} INFO - Started process (PID=185) to work on /opt/airflow/dags/xls_parse_dag.py
[2025-05-23T22:21:31.050+0000] {processor.py:830} INFO - Processing file /opt/airflow/dags/xls_parse_dag.py for tasks to queue
[2025-05-23T22:21:31.051+0000] {logging_mixin.py:188} INFO - [2025-05-23T22:21:31.051+0000] {dagbag.py:545} INFO - Filling up the DagBag from /opt/airflow/dags/xls_parse_dag.py
[2025-05-23T22:21:31.357+0000] {processor.py:840} INFO - DAG(s) 'single_family_pipeline' retrieved from /opt/airflow/dags/xls_parse_dag.py
[2025-05-23T22:21:31.367+0000] {logging_mixin.py:188} INFO - [2025-05-23T22:21:31.367+0000] {dag.py:3096} INFO - Sync 1 DAGs
[2025-05-23T22:21:31.372+0000] {logging_mixin.py:188} INFO - [2025-05-23T22:21:31.372+0000] {dag.py:3954} INFO - Setting next_dagrun for single_family_pipeline to None, run_after=None
[2025-05-23T22:21:31.379+0000] {processor.py:183} INFO - Processing /opt/airflow/dags/xls_parse_dag.py took 0.333 seconds
[2025-05-23T22:22:01.540+0000] {processor.py:161} INFO - Started process (PID=193) to work on /opt/airflow/dags/xls_parse_dag.py
[2025-05-23T22:22:01.541+0000] {processor.py:830} INFO - Processing file /opt/airflow/dags/xls_parse_dag.py for tasks to queue
[2025-05-23T22:22:01.542+0000] {logging_mixin.py:188} INFO - [2025-05-23T22:22:01.542+0000] {dagbag.py:545} INFO - Filling up the DagBag from /opt/airflow/dags/xls_parse_dag.py
[2025-05-23T22:22:01.869+0000] {processor.py:840} INFO - DAG(s) 'single_family_pipeline' retrieved from /opt/airflow/dags/xls_parse_dag.py
[2025-05-23T22:22:01.884+0000] {logging_mixin.py:188} INFO - [2025-05-23T22:22:01.883+0000] {dag.py:3096} INFO - Sync 1 DAGs
[2025-05-23T22:22:01.888+0000] {logging_mixin.py:188} INFO - [2025-05-23T22:22:01.888+0000] {dag.py:3954} INFO - Setting next_dagrun for single_family_pipeline to None, run_after=None
[2025-05-23T22:22:01.897+0000] {processor.py:183} INFO - Processing /opt/airflow/dags/xls_parse_dag.py took 0.362 seconds
[2025-05-23T22:22:32.063+0000] {processor.py:161} INFO - Started process (PID=201) to work on /opt/airflow/dags/xls_parse_dag.py
[2025-05-23T22:22:32.063+0000] {processor.py:830} INFO - Processing file /opt/airflow/dags/xls_parse_dag.py for tasks to queue
[2025-05-23T22:22:32.064+0000] {logging_mixin.py:188} INFO - [2025-05-23T22:22:32.064+0000] {dagbag.py:545} INFO - Filling up the DagBag from /opt/airflow/dags/xls_parse_dag.py
[2025-05-23T22:22:32.345+0000] {processor.py:840} INFO - DAG(s) 'single_family_pipeline' retrieved from /opt/airflow/dags/xls_parse_dag.py
[2025-05-23T22:22:32.356+0000] {logging_mixin.py:188} INFO - [2025-05-23T22:22:32.356+0000] {dag.py:3096} INFO - Sync 1 DAGs
[2025-05-23T22:22:32.361+0000] {logging_mixin.py:188} INFO - [2025-05-23T22:22:32.361+0000] {dag.py:3954} INFO - Setting next_dagrun for single_family_pipeline to None, run_after=None
[2025-05-23T22:22:32.373+0000] {processor.py:183} INFO - Processing /opt/airflow/dags/xls_parse_dag.py took 0.315 seconds
[2025-05-23T22:23:02.516+0000] {processor.py:161} INFO - Started process (PID=209) to work on /opt/airflow/dags/xls_parse_dag.py
[2025-05-23T22:23:02.517+0000] {processor.py:830} INFO - Processing file /opt/airflow/dags/xls_parse_dag.py for tasks to queue
[2025-05-23T22:23:02.518+0000] {logging_mixin.py:188} INFO - [2025-05-23T22:23:02.518+0000] {dagbag.py:545} INFO - Filling up the DagBag from /opt/airflow/dags/xls_parse_dag.py
[2025-05-23T22:23:02.823+0000] {processor.py:840} INFO - DAG(s) 'single_family_pipeline' retrieved from /opt/airflow/dags/xls_parse_dag.py
[2025-05-23T22:23:02.836+0000] {logging_mixin.py:188} INFO - [2025-05-23T22:23:02.836+0000] {dag.py:3096} INFO - Sync 1 DAGs
[2025-05-23T22:23:02.845+0000] {logging_mixin.py:188} INFO - [2025-05-23T22:23:02.845+0000] {dag.py:3954} INFO - Setting next_dagrun for single_family_pipeline to None, run_after=None
[2025-05-23T22:23:02.856+0000] {processor.py:183} INFO - Processing /opt/airflow/dags/xls_parse_dag.py took 0.344 seconds
[2025-05-23T22:23:33.028+0000] {processor.py:161} INFO - Started process (PID=216) to work on /opt/airflow/dags/xls_parse_dag.py
[2025-05-23T22:23:33.029+0000] {processor.py:830} INFO - Processing file /opt/airflow/dags/xls_parse_dag.py for tasks to queue
[2025-05-23T22:23:33.030+0000] {logging_mixin.py:188} INFO - [2025-05-23T22:23:33.030+0000] {dagbag.py:545} INFO - Filling up the DagBag from /opt/airflow/dags/xls_parse_dag.py
[2025-05-23T22:23:33.326+0000] {processor.py:840} INFO - DAG(s) 'single_family_pipeline' retrieved from /opt/airflow/dags/xls_parse_dag.py
[2025-05-23T22:23:33.338+0000] {logging_mixin.py:188} INFO - [2025-05-23T22:23:33.338+0000] {dag.py:3096} INFO - Sync 1 DAGs
[2025-05-23T22:23:33.342+0000] {logging_mixin.py:188} INFO - [2025-05-23T22:23:33.342+0000] {dag.py:3954} INFO - Setting next_dagrun for single_family_pipeline to None, run_after=None
[2025-05-23T22:23:33.368+0000] {processor.py:183} INFO - Processing /opt/airflow/dags/xls_parse_dag.py took 0.342 seconds
[2025-05-23T22:24:03.528+0000] {processor.py:161} INFO - Started process (PID=223) to work on /opt/airflow/dags/xls_parse_dag.py
[2025-05-23T22:24:03.528+0000] {processor.py:830} INFO - Processing file /opt/airflow/dags/xls_parse_dag.py for tasks to queue
[2025-05-23T22:24:03.529+0000] {logging_mixin.py:188} INFO - [2025-05-23T22:24:03.529+0000] {dagbag.py:545} INFO - Filling up the DagBag from /opt/airflow/dags/xls_parse_dag.py
[2025-05-23T22:24:03.812+0000] {processor.py:840} INFO - DAG(s) 'single_family_pipeline' retrieved from /opt/airflow/dags/xls_parse_dag.py
[2025-05-23T22:24:03.823+0000] {logging_mixin.py:188} INFO - [2025-05-23T22:24:03.823+0000] {dag.py:3096} INFO - Sync 1 DAGs
[2025-05-23T22:24:03.827+0000] {logging_mixin.py:188} INFO - [2025-05-23T22:24:03.827+0000] {dag.py:3954} INFO - Setting next_dagrun for single_family_pipeline to None, run_after=None
[2025-05-23T22:24:03.834+0000] {processor.py:183} INFO - Processing /opt/airflow/dags/xls_parse_dag.py took 0.309 seconds
[2025-05-23T22:24:34.002+0000] {processor.py:161} INFO - Started process (PID=231) to work on /opt/airflow/dags/xls_parse_dag.py
[2025-05-23T22:24:34.003+0000] {processor.py:830} INFO - Processing file /opt/airflow/dags/xls_parse_dag.py for tasks to queue
[2025-05-23T22:24:34.004+0000] {logging_mixin.py:188} INFO - [2025-05-23T22:24:34.004+0000] {dagbag.py:545} INFO - Filling up the DagBag from /opt/airflow/dags/xls_parse_dag.py
[2025-05-23T22:24:34.288+0000] {processor.py:840} INFO - DAG(s) 'single_family_pipeline' retrieved from /opt/airflow/dags/xls_parse_dag.py
[2025-05-23T22:24:34.299+0000] {logging_mixin.py:188} INFO - [2025-05-23T22:24:34.299+0000] {dag.py:3096} INFO - Sync 1 DAGs
[2025-05-23T22:24:34.303+0000] {logging_mixin.py:188} INFO - [2025-05-23T22:24:34.303+0000] {dag.py:3954} INFO - Setting next_dagrun for single_family_pipeline to None, run_after=None
[2025-05-23T22:24:34.312+0000] {processor.py:183} INFO - Processing /opt/airflow/dags/xls_parse_dag.py took 0.313 seconds
[2025-05-23T22:25:04.480+0000] {processor.py:161} INFO - Started process (PID=239) to work on /opt/airflow/dags/xls_parse_dag.py
[2025-05-23T22:25:04.481+0000] {processor.py:830} INFO - Processing file /opt/airflow/dags/xls_parse_dag.py for tasks to queue
[2025-05-23T22:25:04.483+0000] {logging_mixin.py:188} INFO - [2025-05-23T22:25:04.483+0000] {dagbag.py:545} INFO - Filling up the DagBag from /opt/airflow/dags/xls_parse_dag.py
[2025-05-23T22:25:04.865+0000] {processor.py:840} INFO - DAG(s) 'single_family_pipeline' retrieved from /opt/airflow/dags/xls_parse_dag.py
[2025-05-23T22:25:04.876+0000] {logging_mixin.py:188} INFO - [2025-05-23T22:25:04.876+0000] {dag.py:3096} INFO - Sync 1 DAGs
[2025-05-23T22:25:04.886+0000] {logging_mixin.py:188} INFO - [2025-05-23T22:25:04.886+0000] {dag.py:3954} INFO - Setting next_dagrun for single_family_pipeline to None, run_after=None
[2025-05-23T22:25:04.902+0000] {processor.py:183} INFO - Processing /opt/airflow/dags/xls_parse_dag.py took 0.426 seconds
[2025-05-23T22:25:35.079+0000] {processor.py:161} INFO - Started process (PID=247) to work on /opt/airflow/dags/xls_parse_dag.py
[2025-05-23T22:25:35.080+0000] {processor.py:830} INFO - Processing file /opt/airflow/dags/xls_parse_dag.py for tasks to queue
[2025-05-23T22:25:35.082+0000] {logging_mixin.py:188} INFO - [2025-05-23T22:25:35.081+0000] {dagbag.py:545} INFO - Filling up the DagBag from /opt/airflow/dags/xls_parse_dag.py
[2025-05-23T22:25:35.497+0000] {processor.py:840} INFO - DAG(s) 'single_family_pipeline' retrieved from /opt/airflow/dags/xls_parse_dag.py
[2025-05-23T22:25:35.511+0000] {logging_mixin.py:188} INFO - [2025-05-23T22:25:35.511+0000] {dag.py:3096} INFO - Sync 1 DAGs
[2025-05-23T22:25:35.516+0000] {logging_mixin.py:188} INFO - [2025-05-23T22:25:35.516+0000] {dag.py:3954} INFO - Setting next_dagrun for single_family_pipeline to None, run_after=None
[2025-05-23T22:25:35.526+0000] {processor.py:183} INFO - Processing /opt/airflow/dags/xls_parse_dag.py took 0.450 seconds
[2025-05-23T22:30:51.704+0000] {processor.py:161} INFO - Started process (PID=75) to work on /opt/airflow/dags/xls_parse_dag.py
[2025-05-23T22:30:51.707+0000] {processor.py:830} INFO - Processing file /opt/airflow/dags/xls_parse_dag.py for tasks to queue
[2025-05-23T22:30:51.710+0000] {logging_mixin.py:188} INFO - [2025-05-23T22:30:51.710+0000] {dagbag.py:545} INFO - Filling up the DagBag from /opt/airflow/dags/xls_parse_dag.py
[2025-05-23T22:30:53.288+0000] {processor.py:840} INFO - DAG(s) 'single_family_pipeline' retrieved from /opt/airflow/dags/xls_parse_dag.py
[2025-05-23T22:30:53.431+0000] {logging_mixin.py:188} INFO - [2025-05-23T22:30:53.431+0000] {override.py:1829} INFO - Created Permission View: can delete on DAG:single_family_pipeline
[2025-05-23T22:30:53.436+0000] {logging_mixin.py:188} INFO - [2025-05-23T22:30:53.436+0000] {override.py:1829} INFO - Created Permission View: can read on DAG:single_family_pipeline
[2025-05-23T22:30:53.439+0000] {logging_mixin.py:188} INFO - [2025-05-23T22:30:53.439+0000] {override.py:1829} INFO - Created Permission View: can edit on DAG:single_family_pipeline
[2025-05-23T22:30:53.440+0000] {logging_mixin.py:188} INFO - [2025-05-23T22:30:53.439+0000] {dag.py:3096} INFO - Sync 1 DAGs
[2025-05-23T22:30:53.445+0000] {logging_mixin.py:188} INFO - [2025-05-23T22:30:53.444+0000] {dag.py:3118} INFO - Creating ORM DAG for single_family_pipeline
[2025-05-23T22:30:53.445+0000] {logging_mixin.py:188} INFO - [2025-05-23T22:30:53.445+0000] {dag.py:3954} INFO - Setting next_dagrun for single_family_pipeline to None, run_after=None
[2025-05-23T22:30:53.453+0000] {processor.py:183} INFO - Processing /opt/airflow/dags/xls_parse_dag.py took 1.754 seconds
[2025-05-23T22:31:23.633+0000] {processor.py:161} INFO - Started process (PID=83) to work on /opt/airflow/dags/xls_parse_dag.py
[2025-05-23T22:31:23.634+0000] {processor.py:830} INFO - Processing file /opt/airflow/dags/xls_parse_dag.py for tasks to queue
[2025-05-23T22:31:23.636+0000] {logging_mixin.py:188} INFO - [2025-05-23T22:31:23.635+0000] {dagbag.py:545} INFO - Filling up the DagBag from /opt/airflow/dags/xls_parse_dag.py
[2025-05-23T22:31:23.976+0000] {processor.py:840} INFO - DAG(s) 'single_family_pipeline' retrieved from /opt/airflow/dags/xls_parse_dag.py
[2025-05-23T22:31:23.989+0000] {logging_mixin.py:188} INFO - [2025-05-23T22:31:23.989+0000] {dag.py:3096} INFO - Sync 1 DAGs
[2025-05-23T22:31:23.995+0000] {logging_mixin.py:188} INFO - [2025-05-23T22:31:23.994+0000] {dag.py:3954} INFO - Setting next_dagrun for single_family_pipeline to None, run_after=None
[2025-05-23T22:31:24.003+0000] {processor.py:183} INFO - Processing /opt/airflow/dags/xls_parse_dag.py took 0.375 seconds
[2025-05-23T22:31:54.235+0000] {processor.py:161} INFO - Started process (PID=91) to work on /opt/airflow/dags/xls_parse_dag.py
[2025-05-23T22:31:54.236+0000] {processor.py:830} INFO - Processing file /opt/airflow/dags/xls_parse_dag.py for tasks to queue
[2025-05-23T22:31:54.237+0000] {logging_mixin.py:188} INFO - [2025-05-23T22:31:54.237+0000] {dagbag.py:545} INFO - Filling up the DagBag from /opt/airflow/dags/xls_parse_dag.py
[2025-05-23T22:31:54.541+0000] {processor.py:840} INFO - DAG(s) 'single_family_pipeline' retrieved from /opt/airflow/dags/xls_parse_dag.py
[2025-05-23T22:31:54.552+0000] {logging_mixin.py:188} INFO - [2025-05-23T22:31:54.552+0000] {dag.py:3096} INFO - Sync 1 DAGs
[2025-05-23T22:31:54.557+0000] {logging_mixin.py:188} INFO - [2025-05-23T22:31:54.557+0000] {dag.py:3954} INFO - Setting next_dagrun for single_family_pipeline to None, run_after=None
[2025-05-23T22:31:54.567+0000] {processor.py:183} INFO - Processing /opt/airflow/dags/xls_parse_dag.py took 0.335 seconds
[2025-05-23T22:32:24.795+0000] {processor.py:161} INFO - Started process (PID=99) to work on /opt/airflow/dags/xls_parse_dag.py
[2025-05-23T22:32:24.796+0000] {processor.py:830} INFO - Processing file /opt/airflow/dags/xls_parse_dag.py for tasks to queue
[2025-05-23T22:32:24.797+0000] {logging_mixin.py:188} INFO - [2025-05-23T22:32:24.797+0000] {dagbag.py:545} INFO - Filling up the DagBag from /opt/airflow/dags/xls_parse_dag.py
[2025-05-23T22:32:25.094+0000] {processor.py:840} INFO - DAG(s) 'single_family_pipeline' retrieved from /opt/airflow/dags/xls_parse_dag.py
[2025-05-23T22:32:25.105+0000] {logging_mixin.py:188} INFO - [2025-05-23T22:32:25.105+0000] {dag.py:3096} INFO - Sync 1 DAGs
[2025-05-23T22:32:25.110+0000] {logging_mixin.py:188} INFO - [2025-05-23T22:32:25.109+0000] {dag.py:3954} INFO - Setting next_dagrun for single_family_pipeline to None, run_after=None
[2025-05-23T22:32:25.118+0000] {processor.py:183} INFO - Processing /opt/airflow/dags/xls_parse_dag.py took 0.328 seconds
[2025-05-23T22:32:55.313+0000] {processor.py:161} INFO - Started process (PID=112) to work on /opt/airflow/dags/xls_parse_dag.py
[2025-05-23T22:32:55.314+0000] {processor.py:830} INFO - Processing file /opt/airflow/dags/xls_parse_dag.py for tasks to queue
[2025-05-23T22:32:55.315+0000] {logging_mixin.py:188} INFO - [2025-05-23T22:32:55.315+0000] {dagbag.py:545} INFO - Filling up the DagBag from /opt/airflow/dags/xls_parse_dag.py
[2025-05-23T22:32:55.615+0000] {processor.py:840} INFO - DAG(s) 'single_family_pipeline' retrieved from /opt/airflow/dags/xls_parse_dag.py
[2025-05-23T22:32:55.625+0000] {logging_mixin.py:188} INFO - [2025-05-23T22:32:55.625+0000] {dag.py:3096} INFO - Sync 1 DAGs
[2025-05-23T22:32:55.630+0000] {logging_mixin.py:188} INFO - [2025-05-23T22:32:55.630+0000] {dag.py:3954} INFO - Setting next_dagrun for single_family_pipeline to None, run_after=None
[2025-05-23T22:32:55.638+0000] {processor.py:183} INFO - Processing /opt/airflow/dags/xls_parse_dag.py took 0.329 seconds
[2025-05-23T22:33:25.789+0000] {processor.py:161} INFO - Started process (PID=120) to work on /opt/airflow/dags/xls_parse_dag.py
[2025-05-23T22:33:25.790+0000] {processor.py:830} INFO - Processing file /opt/airflow/dags/xls_parse_dag.py for tasks to queue
[2025-05-23T22:33:25.791+0000] {logging_mixin.py:188} INFO - [2025-05-23T22:33:25.791+0000] {dagbag.py:545} INFO - Filling up the DagBag from /opt/airflow/dags/xls_parse_dag.py
[2025-05-23T22:33:26.071+0000] {processor.py:840} INFO - DAG(s) 'single_family_pipeline' retrieved from /opt/airflow/dags/xls_parse_dag.py
[2025-05-23T22:33:26.082+0000] {logging_mixin.py:188} INFO - [2025-05-23T22:33:26.082+0000] {dag.py:3096} INFO - Sync 1 DAGs
[2025-05-23T22:33:26.087+0000] {logging_mixin.py:188} INFO - [2025-05-23T22:33:26.087+0000] {dag.py:3954} INFO - Setting next_dagrun for single_family_pipeline to None, run_after=None
[2025-05-23T22:33:26.094+0000] {processor.py:183} INFO - Processing /opt/airflow/dags/xls_parse_dag.py took 0.310 seconds
[2025-05-23T22:33:56.252+0000] {processor.py:161} INFO - Started process (PID=127) to work on /opt/airflow/dags/xls_parse_dag.py
[2025-05-23T22:33:56.253+0000] {processor.py:830} INFO - Processing file /opt/airflow/dags/xls_parse_dag.py for tasks to queue
[2025-05-23T22:33:56.255+0000] {logging_mixin.py:188} INFO - [2025-05-23T22:33:56.254+0000] {dagbag.py:545} INFO - Filling up the DagBag from /opt/airflow/dags/xls_parse_dag.py
[2025-05-23T22:33:56.533+0000] {processor.py:840} INFO - DAG(s) 'single_family_pipeline' retrieved from /opt/airflow/dags/xls_parse_dag.py
[2025-05-23T22:33:56.548+0000] {logging_mixin.py:188} INFO - [2025-05-23T22:33:56.548+0000] {dag.py:3096} INFO - Sync 1 DAGs
[2025-05-23T22:33:56.552+0000] {logging_mixin.py:188} INFO - [2025-05-23T22:33:56.552+0000] {dag.py:3954} INFO - Setting next_dagrun for single_family_pipeline to None, run_after=None
[2025-05-23T22:33:56.560+0000] {processor.py:183} INFO - Processing /opt/airflow/dags/xls_parse_dag.py took 0.311 seconds
[2025-05-23T22:34:26.748+0000] {processor.py:161} INFO - Started process (PID=135) to work on /opt/airflow/dags/xls_parse_dag.py
[2025-05-23T22:34:26.748+0000] {processor.py:830} INFO - Processing file /opt/airflow/dags/xls_parse_dag.py for tasks to queue
[2025-05-23T22:34:26.750+0000] {logging_mixin.py:188} INFO - [2025-05-23T22:34:26.749+0000] {dagbag.py:545} INFO - Filling up the DagBag from /opt/airflow/dags/xls_parse_dag.py
[2025-05-23T22:34:27.051+0000] {processor.py:840} INFO - DAG(s) 'single_family_pipeline' retrieved from /opt/airflow/dags/xls_parse_dag.py
[2025-05-23T22:34:27.062+0000] {logging_mixin.py:188} INFO - [2025-05-23T22:34:27.062+0000] {dag.py:3096} INFO - Sync 1 DAGs
[2025-05-23T22:34:27.067+0000] {logging_mixin.py:188} INFO - [2025-05-23T22:34:27.067+0000] {dag.py:3954} INFO - Setting next_dagrun for single_family_pipeline to None, run_after=None
[2025-05-23T22:34:27.079+0000] {processor.py:183} INFO - Processing /opt/airflow/dags/xls_parse_dag.py took 0.335 seconds
[2025-05-23T22:34:57.276+0000] {processor.py:161} INFO - Started process (PID=143) to work on /opt/airflow/dags/xls_parse_dag.py
[2025-05-23T22:34:57.277+0000] {processor.py:830} INFO - Processing file /opt/airflow/dags/xls_parse_dag.py for tasks to queue
[2025-05-23T22:34:57.278+0000] {logging_mixin.py:188} INFO - [2025-05-23T22:34:57.278+0000] {dagbag.py:545} INFO - Filling up the DagBag from /opt/airflow/dags/xls_parse_dag.py
[2025-05-23T22:34:57.579+0000] {processor.py:840} INFO - DAG(s) 'single_family_pipeline' retrieved from /opt/airflow/dags/xls_parse_dag.py
[2025-05-23T22:34:57.591+0000] {logging_mixin.py:188} INFO - [2025-05-23T22:34:57.591+0000] {dag.py:3096} INFO - Sync 1 DAGs
[2025-05-23T22:34:57.598+0000] {logging_mixin.py:188} INFO - [2025-05-23T22:34:57.598+0000] {dag.py:3954} INFO - Setting next_dagrun for single_family_pipeline to None, run_after=None
[2025-05-23T22:34:57.610+0000] {processor.py:183} INFO - Processing /opt/airflow/dags/xls_parse_dag.py took 0.337 seconds
[2025-05-23T22:35:27.807+0000] {processor.py:161} INFO - Started process (PID=151) to work on /opt/airflow/dags/xls_parse_dag.py
[2025-05-23T22:35:27.808+0000] {processor.py:830} INFO - Processing file /opt/airflow/dags/xls_parse_dag.py for tasks to queue
[2025-05-23T22:35:27.809+0000] {logging_mixin.py:188} INFO - [2025-05-23T22:35:27.809+0000] {dagbag.py:545} INFO - Filling up the DagBag from /opt/airflow/dags/xls_parse_dag.py
[2025-05-23T22:35:28.080+0000] {processor.py:840} INFO - DAG(s) 'single_family_pipeline' retrieved from /opt/airflow/dags/xls_parse_dag.py
[2025-05-23T22:35:28.092+0000] {logging_mixin.py:188} INFO - [2025-05-23T22:35:28.091+0000] {dag.py:3096} INFO - Sync 1 DAGs
[2025-05-23T22:35:28.096+0000] {logging_mixin.py:188} INFO - [2025-05-23T22:35:28.096+0000] {dag.py:3954} INFO - Setting next_dagrun for single_family_pipeline to None, run_after=None
[2025-05-23T22:35:28.107+0000] {processor.py:183} INFO - Processing /opt/airflow/dags/xls_parse_dag.py took 0.304 seconds
[2025-05-23T22:35:58.316+0000] {processor.py:161} INFO - Started process (PID=158) to work on /opt/airflow/dags/xls_parse_dag.py
[2025-05-23T22:35:58.317+0000] {processor.py:830} INFO - Processing file /opt/airflow/dags/xls_parse_dag.py for tasks to queue
[2025-05-23T22:35:58.318+0000] {logging_mixin.py:188} INFO - [2025-05-23T22:35:58.318+0000] {dagbag.py:545} INFO - Filling up the DagBag from /opt/airflow/dags/xls_parse_dag.py
[2025-05-23T22:35:58.600+0000] {processor.py:840} INFO - DAG(s) 'single_family_pipeline' retrieved from /opt/airflow/dags/xls_parse_dag.py
[2025-05-23T22:35:58.610+0000] {logging_mixin.py:188} INFO - [2025-05-23T22:35:58.610+0000] {dag.py:3096} INFO - Sync 1 DAGs
[2025-05-23T22:35:58.615+0000] {logging_mixin.py:188} INFO - [2025-05-23T22:35:58.615+0000] {dag.py:3954} INFO - Setting next_dagrun for single_family_pipeline to None, run_after=None
[2025-05-23T22:35:58.622+0000] {processor.py:183} INFO - Processing /opt/airflow/dags/xls_parse_dag.py took 0.312 seconds
[2025-05-23T22:36:28.802+0000] {processor.py:161} INFO - Started process (PID=166) to work on /opt/airflow/dags/xls_parse_dag.py
[2025-05-23T22:36:28.803+0000] {processor.py:830} INFO - Processing file /opt/airflow/dags/xls_parse_dag.py for tasks to queue
[2025-05-23T22:36:28.806+0000] {logging_mixin.py:188} INFO - [2025-05-23T22:36:28.806+0000] {dagbag.py:545} INFO - Filling up the DagBag from /opt/airflow/dags/xls_parse_dag.py
[2025-05-23T22:36:29.148+0000] {processor.py:840} INFO - DAG(s) 'single_family_pipeline' retrieved from /opt/airflow/dags/xls_parse_dag.py
[2025-05-23T22:36:29.163+0000] {logging_mixin.py:188} INFO - [2025-05-23T22:36:29.163+0000] {dag.py:3096} INFO - Sync 1 DAGs
[2025-05-23T22:36:29.169+0000] {logging_mixin.py:188} INFO - [2025-05-23T22:36:29.169+0000] {dag.py:3954} INFO - Setting next_dagrun for single_family_pipeline to None, run_after=None
[2025-05-23T22:36:29.178+0000] {processor.py:183} INFO - Processing /opt/airflow/dags/xls_parse_dag.py took 0.382 seconds
[2025-05-23T22:36:59.403+0000] {processor.py:161} INFO - Started process (PID=174) to work on /opt/airflow/dags/xls_parse_dag.py
[2025-05-23T22:36:59.404+0000] {processor.py:830} INFO - Processing file /opt/airflow/dags/xls_parse_dag.py for tasks to queue
[2025-05-23T22:36:59.406+0000] {logging_mixin.py:188} INFO - [2025-05-23T22:36:59.405+0000] {dagbag.py:545} INFO - Filling up the DagBag from /opt/airflow/dags/xls_parse_dag.py
[2025-05-23T22:36:59.696+0000] {processor.py:840} INFO - DAG(s) 'single_family_pipeline' retrieved from /opt/airflow/dags/xls_parse_dag.py
[2025-05-23T22:36:59.712+0000] {logging_mixin.py:188} INFO - [2025-05-23T22:36:59.712+0000] {dag.py:3096} INFO - Sync 1 DAGs
[2025-05-23T22:36:59.718+0000] {logging_mixin.py:188} INFO - [2025-05-23T22:36:59.718+0000] {dag.py:3954} INFO - Setting next_dagrun for single_family_pipeline to None, run_after=None
[2025-05-23T22:36:59.729+0000] {processor.py:183} INFO - Processing /opt/airflow/dags/xls_parse_dag.py took 0.330 seconds
[2025-05-23T22:37:29.895+0000] {processor.py:161} INFO - Started process (PID=182) to work on /opt/airflow/dags/xls_parse_dag.py
[2025-05-23T22:37:29.896+0000] {processor.py:830} INFO - Processing file /opt/airflow/dags/xls_parse_dag.py for tasks to queue
[2025-05-23T22:37:29.898+0000] {logging_mixin.py:188} INFO - [2025-05-23T22:37:29.897+0000] {dagbag.py:545} INFO - Filling up the DagBag from /opt/airflow/dags/xls_parse_dag.py
[2025-05-23T22:37:30.197+0000] {processor.py:840} INFO - DAG(s) 'single_family_pipeline' retrieved from /opt/airflow/dags/xls_parse_dag.py
[2025-05-23T22:37:30.207+0000] {logging_mixin.py:188} INFO - [2025-05-23T22:37:30.207+0000] {dag.py:3096} INFO - Sync 1 DAGs
[2025-05-23T22:37:30.213+0000] {logging_mixin.py:188} INFO - [2025-05-23T22:37:30.212+0000] {dag.py:3954} INFO - Setting next_dagrun for single_family_pipeline to None, run_after=None
[2025-05-23T22:37:30.225+0000] {processor.py:183} INFO - Processing /opt/airflow/dags/xls_parse_dag.py took 0.335 seconds
[2025-05-23T22:38:00.404+0000] {processor.py:161} INFO - Started process (PID=190) to work on /opt/airflow/dags/xls_parse_dag.py
[2025-05-23T22:38:00.404+0000] {processor.py:830} INFO - Processing file /opt/airflow/dags/xls_parse_dag.py for tasks to queue
[2025-05-23T22:38:00.405+0000] {logging_mixin.py:188} INFO - [2025-05-23T22:38:00.405+0000] {dagbag.py:545} INFO - Filling up the DagBag from /opt/airflow/dags/xls_parse_dag.py
[2025-05-23T22:38:00.689+0000] {processor.py:840} INFO - DAG(s) 'single_family_pipeline' retrieved from /opt/airflow/dags/xls_parse_dag.py
[2025-05-23T22:38:00.699+0000] {logging_mixin.py:188} INFO - [2025-05-23T22:38:00.699+0000] {dag.py:3096} INFO - Sync 1 DAGs
[2025-05-23T22:38:00.704+0000] {logging_mixin.py:188} INFO - [2025-05-23T22:38:00.704+0000] {dag.py:3954} INFO - Setting next_dagrun for single_family_pipeline to None, run_after=None
[2025-05-23T22:38:00.711+0000] {processor.py:183} INFO - Processing /opt/airflow/dags/xls_parse_dag.py took 0.311 seconds
[2025-05-23T22:38:30.892+0000] {processor.py:161} INFO - Started process (PID=198) to work on /opt/airflow/dags/xls_parse_dag.py
[2025-05-23T22:38:30.892+0000] {processor.py:830} INFO - Processing file /opt/airflow/dags/xls_parse_dag.py for tasks to queue
[2025-05-23T22:38:30.894+0000] {logging_mixin.py:188} INFO - [2025-05-23T22:38:30.894+0000] {dagbag.py:545} INFO - Filling up the DagBag from /opt/airflow/dags/xls_parse_dag.py
[2025-05-23T22:38:31.191+0000] {processor.py:840} INFO - DAG(s) 'single_family_pipeline' retrieved from /opt/airflow/dags/xls_parse_dag.py
[2025-05-23T22:38:31.205+0000] {logging_mixin.py:188} INFO - [2025-05-23T22:38:31.204+0000] {dag.py:3096} INFO - Sync 1 DAGs
[2025-05-23T22:38:31.210+0000] {logging_mixin.py:188} INFO - [2025-05-23T22:38:31.210+0000] {dag.py:3954} INFO - Setting next_dagrun for single_family_pipeline to None, run_after=None
[2025-05-23T22:38:31.219+0000] {processor.py:183} INFO - Processing /opt/airflow/dags/xls_parse_dag.py took 0.332 seconds
[2025-05-23T22:39:01.417+0000] {processor.py:161} INFO - Started process (PID=205) to work on /opt/airflow/dags/xls_parse_dag.py
[2025-05-23T22:39:01.417+0000] {processor.py:830} INFO - Processing file /opt/airflow/dags/xls_parse_dag.py for tasks to queue
[2025-05-23T22:39:01.418+0000] {logging_mixin.py:188} INFO - [2025-05-23T22:39:01.418+0000] {dagbag.py:545} INFO - Filling up the DagBag from /opt/airflow/dags/xls_parse_dag.py
[2025-05-23T22:39:01.758+0000] {processor.py:840} INFO - DAG(s) 'single_family_pipeline' retrieved from /opt/airflow/dags/xls_parse_dag.py
[2025-05-23T22:39:01.771+0000] {logging_mixin.py:188} INFO - [2025-05-23T22:39:01.771+0000] {dag.py:3096} INFO - Sync 1 DAGs
[2025-05-23T22:39:01.776+0000] {logging_mixin.py:188} INFO - [2025-05-23T22:39:01.776+0000] {dag.py:3954} INFO - Setting next_dagrun for single_family_pipeline to None, run_after=None
[2025-05-23T22:39:01.785+0000] {processor.py:183} INFO - Processing /opt/airflow/dags/xls_parse_dag.py took 0.372 seconds
[2025-05-23T22:39:31.976+0000] {processor.py:161} INFO - Started process (PID=213) to work on /opt/airflow/dags/xls_parse_dag.py
[2025-05-23T22:39:31.976+0000] {processor.py:830} INFO - Processing file /opt/airflow/dags/xls_parse_dag.py for tasks to queue
[2025-05-23T22:39:31.978+0000] {logging_mixin.py:188} INFO - [2025-05-23T22:39:31.977+0000] {dagbag.py:545} INFO - Filling up the DagBag from /opt/airflow/dags/xls_parse_dag.py
[2025-05-23T22:39:32.263+0000] {processor.py:840} INFO - DAG(s) 'single_family_pipeline' retrieved from /opt/airflow/dags/xls_parse_dag.py
[2025-05-23T22:39:32.275+0000] {logging_mixin.py:188} INFO - [2025-05-23T22:39:32.275+0000] {dag.py:3096} INFO - Sync 1 DAGs
[2025-05-23T22:39:32.282+0000] {logging_mixin.py:188} INFO - [2025-05-23T22:39:32.281+0000] {dag.py:3954} INFO - Setting next_dagrun for single_family_pipeline to None, run_after=None
[2025-05-23T22:39:32.292+0000] {processor.py:183} INFO - Processing /opt/airflow/dags/xls_parse_dag.py took 0.321 seconds
[2025-05-23T22:40:02.504+0000] {processor.py:161} INFO - Started process (PID=221) to work on /opt/airflow/dags/xls_parse_dag.py
[2025-05-23T22:40:02.504+0000] {processor.py:830} INFO - Processing file /opt/airflow/dags/xls_parse_dag.py for tasks to queue
[2025-05-23T22:40:02.506+0000] {logging_mixin.py:188} INFO - [2025-05-23T22:40:02.506+0000] {dagbag.py:545} INFO - Filling up the DagBag from /opt/airflow/dags/xls_parse_dag.py
[2025-05-23T22:40:02.813+0000] {processor.py:840} INFO - DAG(s) 'single_family_pipeline' retrieved from /opt/airflow/dags/xls_parse_dag.py
[2025-05-23T22:40:02.826+0000] {logging_mixin.py:188} INFO - [2025-05-23T22:40:02.825+0000] {dag.py:3096} INFO - Sync 1 DAGs
[2025-05-23T22:40:02.832+0000] {logging_mixin.py:188} INFO - [2025-05-23T22:40:02.832+0000] {dag.py:3954} INFO - Setting next_dagrun for single_family_pipeline to None, run_after=None
[2025-05-23T22:40:02.842+0000] {processor.py:183} INFO - Processing /opt/airflow/dags/xls_parse_dag.py took 0.343 seconds
[2025-05-23T22:40:33.035+0000] {processor.py:161} INFO - Started process (PID=229) to work on /opt/airflow/dags/xls_parse_dag.py
[2025-05-23T22:40:33.036+0000] {processor.py:830} INFO - Processing file /opt/airflow/dags/xls_parse_dag.py for tasks to queue
[2025-05-23T22:40:33.038+0000] {logging_mixin.py:188} INFO - [2025-05-23T22:40:33.037+0000] {dagbag.py:545} INFO - Filling up the DagBag from /opt/airflow/dags/xls_parse_dag.py
[2025-05-23T22:40:33.328+0000] {processor.py:840} INFO - DAG(s) 'single_family_pipeline' retrieved from /opt/airflow/dags/xls_parse_dag.py
[2025-05-23T22:40:33.338+0000] {logging_mixin.py:188} INFO - [2025-05-23T22:40:33.338+0000] {dag.py:3096} INFO - Sync 1 DAGs
[2025-05-23T22:40:33.343+0000] {logging_mixin.py:188} INFO - [2025-05-23T22:40:33.343+0000] {dag.py:3954} INFO - Setting next_dagrun for single_family_pipeline to None, run_after=None
[2025-05-23T22:40:33.350+0000] {processor.py:183} INFO - Processing /opt/airflow/dags/xls_parse_dag.py took 0.320 seconds
[2025-05-23T22:41:03.533+0000] {processor.py:161} INFO - Started process (PID=237) to work on /opt/airflow/dags/xls_parse_dag.py
[2025-05-23T22:41:03.534+0000] {processor.py:830} INFO - Processing file /opt/airflow/dags/xls_parse_dag.py for tasks to queue
[2025-05-23T22:41:03.535+0000] {logging_mixin.py:188} INFO - [2025-05-23T22:41:03.535+0000] {dagbag.py:545} INFO - Filling up the DagBag from /opt/airflow/dags/xls_parse_dag.py
[2025-05-23T22:41:03.850+0000] {processor.py:840} INFO - DAG(s) 'single_family_pipeline' retrieved from /opt/airflow/dags/xls_parse_dag.py
[2025-05-23T22:41:03.862+0000] {logging_mixin.py:188} INFO - [2025-05-23T22:41:03.862+0000] {dag.py:3096} INFO - Sync 1 DAGs
[2025-05-23T22:41:03.867+0000] {logging_mixin.py:188} INFO - [2025-05-23T22:41:03.867+0000] {dag.py:3954} INFO - Setting next_dagrun for single_family_pipeline to None, run_after=None
[2025-05-23T22:41:03.876+0000] {processor.py:183} INFO - Processing /opt/airflow/dags/xls_parse_dag.py took 0.349 seconds
[2025-05-23T22:41:34.028+0000] {processor.py:161} INFO - Started process (PID=245) to work on /opt/airflow/dags/xls_parse_dag.py
[2025-05-23T22:41:34.028+0000] {processor.py:830} INFO - Processing file /opt/airflow/dags/xls_parse_dag.py for tasks to queue
[2025-05-23T22:41:34.029+0000] {logging_mixin.py:188} INFO - [2025-05-23T22:41:34.029+0000] {dagbag.py:545} INFO - Filling up the DagBag from /opt/airflow/dags/xls_parse_dag.py
[2025-05-23T22:41:34.306+0000] {processor.py:840} INFO - DAG(s) 'single_family_pipeline' retrieved from /opt/airflow/dags/xls_parse_dag.py
[2025-05-23T22:41:34.320+0000] {logging_mixin.py:188} INFO - [2025-05-23T22:41:34.320+0000] {dag.py:3096} INFO - Sync 1 DAGs
[2025-05-23T22:41:34.326+0000] {logging_mixin.py:188} INFO - [2025-05-23T22:41:34.325+0000] {dag.py:3954} INFO - Setting next_dagrun for single_family_pipeline to None, run_after=None
[2025-05-23T22:41:34.334+0000] {processor.py:183} INFO - Processing /opt/airflow/dags/xls_parse_dag.py took 0.310 seconds
[2025-05-23T22:42:04.513+0000] {processor.py:161} INFO - Started process (PID=254) to work on /opt/airflow/dags/xls_parse_dag.py
[2025-05-23T22:42:04.514+0000] {processor.py:830} INFO - Processing file /opt/airflow/dags/xls_parse_dag.py for tasks to queue
[2025-05-23T22:42:04.516+0000] {logging_mixin.py:188} INFO - [2025-05-23T22:42:04.515+0000] {dagbag.py:545} INFO - Filling up the DagBag from /opt/airflow/dags/xls_parse_dag.py
[2025-05-23T22:42:04.807+0000] {processor.py:840} INFO - DAG(s) 'single_family_pipeline' retrieved from /opt/airflow/dags/xls_parse_dag.py
[2025-05-23T22:42:04.819+0000] {logging_mixin.py:188} INFO - [2025-05-23T22:42:04.819+0000] {dag.py:3096} INFO - Sync 1 DAGs
[2025-05-23T22:42:04.824+0000] {logging_mixin.py:188} INFO - [2025-05-23T22:42:04.824+0000] {dag.py:3954} INFO - Setting next_dagrun for single_family_pipeline to None, run_after=None
[2025-05-23T22:42:04.833+0000] {processor.py:183} INFO - Processing /opt/airflow/dags/xls_parse_dag.py took 0.326 seconds
[2025-05-23T22:42:35.006+0000] {processor.py:161} INFO - Started process (PID=262) to work on /opt/airflow/dags/xls_parse_dag.py
[2025-05-23T22:42:35.006+0000] {processor.py:830} INFO - Processing file /opt/airflow/dags/xls_parse_dag.py for tasks to queue
[2025-05-23T22:42:35.008+0000] {logging_mixin.py:188} INFO - [2025-05-23T22:42:35.007+0000] {dagbag.py:545} INFO - Filling up the DagBag from /opt/airflow/dags/xls_parse_dag.py
[2025-05-23T22:42:35.298+0000] {processor.py:840} INFO - DAG(s) 'single_family_pipeline' retrieved from /opt/airflow/dags/xls_parse_dag.py
[2025-05-23T22:42:35.309+0000] {logging_mixin.py:188} INFO - [2025-05-23T22:42:35.308+0000] {dag.py:3096} INFO - Sync 1 DAGs
[2025-05-23T22:42:35.313+0000] {logging_mixin.py:188} INFO - [2025-05-23T22:42:35.313+0000] {dag.py:3954} INFO - Setting next_dagrun for single_family_pipeline to None, run_after=None
[2025-05-23T22:42:35.323+0000] {processor.py:183} INFO - Processing /opt/airflow/dags/xls_parse_dag.py took 0.323 seconds
[2025-05-23T22:43:05.514+0000] {processor.py:161} INFO - Started process (PID=270) to work on /opt/airflow/dags/xls_parse_dag.py
[2025-05-23T22:43:05.515+0000] {processor.py:830} INFO - Processing file /opt/airflow/dags/xls_parse_dag.py for tasks to queue
[2025-05-23T22:43:05.516+0000] {logging_mixin.py:188} INFO - [2025-05-23T22:43:05.516+0000] {dagbag.py:545} INFO - Filling up the DagBag from /opt/airflow/dags/xls_parse_dag.py
[2025-05-23T22:43:05.790+0000] {processor.py:840} INFO - DAG(s) 'single_family_pipeline' retrieved from /opt/airflow/dags/xls_parse_dag.py
[2025-05-23T22:43:05.803+0000] {logging_mixin.py:188} INFO - [2025-05-23T22:43:05.802+0000] {dag.py:3096} INFO - Sync 1 DAGs
[2025-05-23T22:43:05.807+0000] {logging_mixin.py:188} INFO - [2025-05-23T22:43:05.807+0000] {dag.py:3954} INFO - Setting next_dagrun for single_family_pipeline to None, run_after=None
[2025-05-23T22:43:05.819+0000] {processor.py:183} INFO - Processing /opt/airflow/dags/xls_parse_dag.py took 0.308 seconds
[2025-05-23T22:43:35.997+0000] {processor.py:161} INFO - Started process (PID=278) to work on /opt/airflow/dags/xls_parse_dag.py
[2025-05-23T22:43:35.998+0000] {processor.py:830} INFO - Processing file /opt/airflow/dags/xls_parse_dag.py for tasks to queue
[2025-05-23T22:43:35.999+0000] {logging_mixin.py:188} INFO - [2025-05-23T22:43:35.999+0000] {dagbag.py:545} INFO - Filling up the DagBag from /opt/airflow/dags/xls_parse_dag.py
[2025-05-23T22:43:36.282+0000] {processor.py:840} INFO - DAG(s) 'single_family_pipeline' retrieved from /opt/airflow/dags/xls_parse_dag.py
[2025-05-23T22:43:36.295+0000] {logging_mixin.py:188} INFO - [2025-05-23T22:43:36.294+0000] {dag.py:3096} INFO - Sync 1 DAGs
[2025-05-23T22:43:36.300+0000] {logging_mixin.py:188} INFO - [2025-05-23T22:43:36.300+0000] {dag.py:3954} INFO - Setting next_dagrun for single_family_pipeline to None, run_after=None
[2025-05-23T22:43:36.309+0000] {processor.py:183} INFO - Processing /opt/airflow/dags/xls_parse_dag.py took 0.316 seconds
[2025-05-23T22:44:06.502+0000] {processor.py:161} INFO - Started process (PID=286) to work on /opt/airflow/dags/xls_parse_dag.py
[2025-05-23T22:44:06.502+0000] {processor.py:830} INFO - Processing file /opt/airflow/dags/xls_parse_dag.py for tasks to queue
[2025-05-23T22:44:06.504+0000] {logging_mixin.py:188} INFO - [2025-05-23T22:44:06.503+0000] {dagbag.py:545} INFO - Filling up the DagBag from /opt/airflow/dags/xls_parse_dag.py
[2025-05-23T22:44:06.778+0000] {processor.py:840} INFO - DAG(s) 'single_family_pipeline' retrieved from /opt/airflow/dags/xls_parse_dag.py
[2025-05-23T22:44:06.789+0000] {logging_mixin.py:188} INFO - [2025-05-23T22:44:06.789+0000] {dag.py:3096} INFO - Sync 1 DAGs
[2025-05-23T22:44:06.793+0000] {logging_mixin.py:188} INFO - [2025-05-23T22:44:06.793+0000] {dag.py:3954} INFO - Setting next_dagrun for single_family_pipeline to None, run_after=None
[2025-05-23T22:44:06.801+0000] {processor.py:183} INFO - Processing /opt/airflow/dags/xls_parse_dag.py took 0.303 seconds
[2025-05-23T22:44:37.008+0000] {processor.py:161} INFO - Started process (PID=294) to work on /opt/airflow/dags/xls_parse_dag.py
[2025-05-23T22:44:37.009+0000] {processor.py:830} INFO - Processing file /opt/airflow/dags/xls_parse_dag.py for tasks to queue
[2025-05-23T22:44:37.010+0000] {logging_mixin.py:188} INFO - [2025-05-23T22:44:37.010+0000] {dagbag.py:545} INFO - Filling up the DagBag from /opt/airflow/dags/xls_parse_dag.py
[2025-05-23T22:44:37.295+0000] {processor.py:840} INFO - DAG(s) 'single_family_pipeline' retrieved from /opt/airflow/dags/xls_parse_dag.py
[2025-05-23T22:44:37.309+0000] {logging_mixin.py:188} INFO - [2025-05-23T22:44:37.308+0000] {dag.py:3096} INFO - Sync 1 DAGs
[2025-05-23T22:44:37.314+0000] {logging_mixin.py:188} INFO - [2025-05-23T22:44:37.314+0000] {dag.py:3954} INFO - Setting next_dagrun for single_family_pipeline to None, run_after=None
[2025-05-23T22:44:37.323+0000] {processor.py:183} INFO - Processing /opt/airflow/dags/xls_parse_dag.py took 0.317 seconds
[2025-05-23T22:45:07.511+0000] {processor.py:161} INFO - Started process (PID=302) to work on /opt/airflow/dags/xls_parse_dag.py
[2025-05-23T22:45:07.512+0000] {processor.py:830} INFO - Processing file /opt/airflow/dags/xls_parse_dag.py for tasks to queue
[2025-05-23T22:45:07.513+0000] {logging_mixin.py:188} INFO - [2025-05-23T22:45:07.513+0000] {dagbag.py:545} INFO - Filling up the DagBag from /opt/airflow/dags/xls_parse_dag.py
[2025-05-23T22:45:07.816+0000] {processor.py:840} INFO - DAG(s) 'single_family_pipeline' retrieved from /opt/airflow/dags/xls_parse_dag.py
[2025-05-23T22:45:07.829+0000] {logging_mixin.py:188} INFO - [2025-05-23T22:45:07.828+0000] {dag.py:3096} INFO - Sync 1 DAGs
[2025-05-23T22:45:07.834+0000] {logging_mixin.py:188} INFO - [2025-05-23T22:45:07.833+0000] {dag.py:3954} INFO - Setting next_dagrun for single_family_pipeline to None, run_after=None
[2025-05-23T22:45:07.842+0000] {processor.py:183} INFO - Processing /opt/airflow/dags/xls_parse_dag.py took 0.333 seconds
[2025-05-23T22:45:38.023+0000] {processor.py:161} INFO - Started process (PID=310) to work on /opt/airflow/dags/xls_parse_dag.py
[2025-05-23T22:45:38.023+0000] {processor.py:830} INFO - Processing file /opt/airflow/dags/xls_parse_dag.py for tasks to queue
[2025-05-23T22:45:38.025+0000] {logging_mixin.py:188} INFO - [2025-05-23T22:45:38.025+0000] {dagbag.py:545} INFO - Filling up the DagBag from /opt/airflow/dags/xls_parse_dag.py
[2025-05-23T22:45:38.318+0000] {processor.py:840} INFO - DAG(s) 'single_family_pipeline' retrieved from /opt/airflow/dags/xls_parse_dag.py
[2025-05-23T22:45:38.328+0000] {logging_mixin.py:188} INFO - [2025-05-23T22:45:38.328+0000] {dag.py:3096} INFO - Sync 1 DAGs
[2025-05-23T22:45:38.332+0000] {logging_mixin.py:188} INFO - [2025-05-23T22:45:38.332+0000] {dag.py:3954} INFO - Setting next_dagrun for single_family_pipeline to None, run_after=None
[2025-05-23T22:45:38.341+0000] {processor.py:183} INFO - Processing /opt/airflow/dags/xls_parse_dag.py took 0.322 seconds
[2025-05-23T22:46:08.557+0000] {processor.py:161} INFO - Started process (PID=318) to work on /opt/airflow/dags/xls_parse_dag.py
[2025-05-23T22:46:08.557+0000] {processor.py:830} INFO - Processing file /opt/airflow/dags/xls_parse_dag.py for tasks to queue
[2025-05-23T22:46:08.559+0000] {logging_mixin.py:188} INFO - [2025-05-23T22:46:08.558+0000] {dagbag.py:545} INFO - Filling up the DagBag from /opt/airflow/dags/xls_parse_dag.py
[2025-05-23T22:46:08.848+0000] {processor.py:840} INFO - DAG(s) 'single_family_pipeline' retrieved from /opt/airflow/dags/xls_parse_dag.py
[2025-05-23T22:46:08.863+0000] {logging_mixin.py:188} INFO - [2025-05-23T22:46:08.863+0000] {dag.py:3096} INFO - Sync 1 DAGs
[2025-05-23T22:46:08.868+0000] {logging_mixin.py:188} INFO - [2025-05-23T22:46:08.868+0000] {dag.py:3954} INFO - Setting next_dagrun for single_family_pipeline to None, run_after=None
[2025-05-23T22:46:08.878+0000] {processor.py:183} INFO - Processing /opt/airflow/dags/xls_parse_dag.py took 0.324 seconds
[2025-05-23T22:46:39.098+0000] {processor.py:161} INFO - Started process (PID=326) to work on /opt/airflow/dags/xls_parse_dag.py
[2025-05-23T22:46:39.099+0000] {processor.py:830} INFO - Processing file /opt/airflow/dags/xls_parse_dag.py for tasks to queue
[2025-05-23T22:46:39.100+0000] {logging_mixin.py:188} INFO - [2025-05-23T22:46:39.100+0000] {dagbag.py:545} INFO - Filling up the DagBag from /opt/airflow/dags/xls_parse_dag.py
[2025-05-23T22:46:39.385+0000] {processor.py:840} INFO - DAG(s) 'single_family_pipeline' retrieved from /opt/airflow/dags/xls_parse_dag.py
[2025-05-23T22:46:39.395+0000] {logging_mixin.py:188} INFO - [2025-05-23T22:46:39.395+0000] {dag.py:3096} INFO - Sync 1 DAGs
[2025-05-23T22:46:39.400+0000] {logging_mixin.py:188} INFO - [2025-05-23T22:46:39.400+0000] {dag.py:3954} INFO - Setting next_dagrun for single_family_pipeline to None, run_after=None
[2025-05-23T22:46:39.407+0000] {processor.py:183} INFO - Processing /opt/airflow/dags/xls_parse_dag.py took 0.314 seconds
[2025-05-23T22:47:09.600+0000] {processor.py:161} INFO - Started process (PID=334) to work on /opt/airflow/dags/xls_parse_dag.py
[2025-05-23T22:47:09.600+0000] {processor.py:830} INFO - Processing file /opt/airflow/dags/xls_parse_dag.py for tasks to queue
[2025-05-23T22:47:09.601+0000] {logging_mixin.py:188} INFO - [2025-05-23T22:47:09.601+0000] {dagbag.py:545} INFO - Filling up the DagBag from /opt/airflow/dags/xls_parse_dag.py
[2025-05-23T22:47:09.885+0000] {processor.py:840} INFO - DAG(s) 'single_family_pipeline' retrieved from /opt/airflow/dags/xls_parse_dag.py
[2025-05-23T22:47:09.901+0000] {logging_mixin.py:188} INFO - [2025-05-23T22:47:09.900+0000] {dag.py:3096} INFO - Sync 1 DAGs
[2025-05-23T22:47:09.908+0000] {logging_mixin.py:188} INFO - [2025-05-23T22:47:09.908+0000] {dag.py:3954} INFO - Setting next_dagrun for single_family_pipeline to None, run_after=None
[2025-05-23T22:47:09.917+0000] {processor.py:183} INFO - Processing /opt/airflow/dags/xls_parse_dag.py took 0.321 seconds
[2025-05-23T22:47:40.140+0000] {processor.py:161} INFO - Started process (PID=342) to work on /opt/airflow/dags/xls_parse_dag.py
[2025-05-23T22:47:40.141+0000] {processor.py:830} INFO - Processing file /opt/airflow/dags/xls_parse_dag.py for tasks to queue
[2025-05-23T22:47:40.142+0000] {logging_mixin.py:188} INFO - [2025-05-23T22:47:40.142+0000] {dagbag.py:545} INFO - Filling up the DagBag from /opt/airflow/dags/xls_parse_dag.py
[2025-05-23T22:47:40.425+0000] {processor.py:840} INFO - DAG(s) 'single_family_pipeline' retrieved from /opt/airflow/dags/xls_parse_dag.py
[2025-05-23T22:47:40.435+0000] {logging_mixin.py:188} INFO - [2025-05-23T22:47:40.435+0000] {dag.py:3096} INFO - Sync 1 DAGs
[2025-05-23T22:47:40.440+0000] {logging_mixin.py:188} INFO - [2025-05-23T22:47:40.440+0000] {dag.py:3954} INFO - Setting next_dagrun for single_family_pipeline to None, run_after=None
[2025-05-23T22:47:40.452+0000] {processor.py:183} INFO - Processing /opt/airflow/dags/xls_parse_dag.py took 0.316 seconds
[2025-05-23T22:48:10.663+0000] {processor.py:161} INFO - Started process (PID=350) to work on /opt/airflow/dags/xls_parse_dag.py
[2025-05-23T22:48:10.664+0000] {processor.py:830} INFO - Processing file /opt/airflow/dags/xls_parse_dag.py for tasks to queue
[2025-05-23T22:48:10.665+0000] {logging_mixin.py:188} INFO - [2025-05-23T22:48:10.665+0000] {dagbag.py:545} INFO - Filling up the DagBag from /opt/airflow/dags/xls_parse_dag.py
[2025-05-23T22:48:10.947+0000] {processor.py:840} INFO - DAG(s) 'single_family_pipeline' retrieved from /opt/airflow/dags/xls_parse_dag.py
[2025-05-23T22:48:10.958+0000] {logging_mixin.py:188} INFO - [2025-05-23T22:48:10.958+0000] {dag.py:3096} INFO - Sync 1 DAGs
[2025-05-23T22:48:10.965+0000] {logging_mixin.py:188} INFO - [2025-05-23T22:48:10.965+0000] {dag.py:3954} INFO - Setting next_dagrun for single_family_pipeline to None, run_after=None
[2025-05-23T22:48:10.976+0000] {processor.py:183} INFO - Processing /opt/airflow/dags/xls_parse_dag.py took 0.317 seconds
[2025-05-23T22:48:41.218+0000] {processor.py:161} INFO - Started process (PID=358) to work on /opt/airflow/dags/xls_parse_dag.py
[2025-05-23T22:48:41.218+0000] {processor.py:830} INFO - Processing file /opt/airflow/dags/xls_parse_dag.py for tasks to queue
[2025-05-23T22:48:41.220+0000] {logging_mixin.py:188} INFO - [2025-05-23T22:48:41.219+0000] {dagbag.py:545} INFO - Filling up the DagBag from /opt/airflow/dags/xls_parse_dag.py
[2025-05-23T22:48:41.513+0000] {processor.py:840} INFO - DAG(s) 'single_family_pipeline' retrieved from /opt/airflow/dags/xls_parse_dag.py
[2025-05-23T22:48:41.525+0000] {logging_mixin.py:188} INFO - [2025-05-23T22:48:41.525+0000] {dag.py:3096} INFO - Sync 1 DAGs
[2025-05-23T22:48:41.530+0000] {logging_mixin.py:188} INFO - [2025-05-23T22:48:41.530+0000] {dag.py:3954} INFO - Setting next_dagrun for single_family_pipeline to None, run_after=None
[2025-05-23T22:48:41.538+0000] {processor.py:183} INFO - Processing /opt/airflow/dags/xls_parse_dag.py took 0.324 seconds
[2025-05-23T22:49:11.719+0000] {processor.py:161} INFO - Started process (PID=365) to work on /opt/airflow/dags/xls_parse_dag.py
[2025-05-23T22:49:11.720+0000] {processor.py:830} INFO - Processing file /opt/airflow/dags/xls_parse_dag.py for tasks to queue
[2025-05-23T22:49:11.721+0000] {logging_mixin.py:188} INFO - [2025-05-23T22:49:11.721+0000] {dagbag.py:545} INFO - Filling up the DagBag from /opt/airflow/dags/xls_parse_dag.py
[2025-05-23T22:49:12.007+0000] {processor.py:840} INFO - DAG(s) 'single_family_pipeline' retrieved from /opt/airflow/dags/xls_parse_dag.py
[2025-05-23T22:49:12.018+0000] {logging_mixin.py:188} INFO - [2025-05-23T22:49:12.017+0000] {dag.py:3096} INFO - Sync 1 DAGs
[2025-05-23T22:49:12.022+0000] {logging_mixin.py:188} INFO - [2025-05-23T22:49:12.022+0000] {dag.py:3954} INFO - Setting next_dagrun for single_family_pipeline to None, run_after=None
[2025-05-23T22:49:12.029+0000] {processor.py:183} INFO - Processing /opt/airflow/dags/xls_parse_dag.py took 0.315 seconds
[2025-05-23T22:49:42.223+0000] {processor.py:161} INFO - Started process (PID=373) to work on /opt/airflow/dags/xls_parse_dag.py
[2025-05-23T22:49:42.224+0000] {processor.py:830} INFO - Processing file /opt/airflow/dags/xls_parse_dag.py for tasks to queue
[2025-05-23T22:49:42.225+0000] {logging_mixin.py:188} INFO - [2025-05-23T22:49:42.225+0000] {dagbag.py:545} INFO - Filling up the DagBag from /opt/airflow/dags/xls_parse_dag.py
[2025-05-23T22:49:42.507+0000] {processor.py:840} INFO - DAG(s) 'single_family_pipeline' retrieved from /opt/airflow/dags/xls_parse_dag.py
[2025-05-23T22:49:42.517+0000] {logging_mixin.py:188} INFO - [2025-05-23T22:49:42.517+0000] {dag.py:3096} INFO - Sync 1 DAGs
[2025-05-23T22:49:42.522+0000] {logging_mixin.py:188} INFO - [2025-05-23T22:49:42.522+0000] {dag.py:3954} INFO - Setting next_dagrun for single_family_pipeline to None, run_after=None
[2025-05-23T22:49:42.529+0000] {processor.py:183} INFO - Processing /opt/airflow/dags/xls_parse_dag.py took 0.311 seconds
[2025-05-23T22:52:27.031+0000] {processor.py:161} INFO - Started process (PID=71) to work on /opt/airflow/dags/xls_parse_dag.py
[2025-05-23T22:52:27.032+0000] {processor.py:830} INFO - Processing file /opt/airflow/dags/xls_parse_dag.py for tasks to queue
[2025-05-23T22:52:27.035+0000] {logging_mixin.py:188} INFO - [2025-05-23T22:52:27.034+0000] {dagbag.py:545} INFO - Filling up the DagBag from /opt/airflow/dags/xls_parse_dag.py
[2025-05-23T22:52:28.690+0000] {processor.py:840} INFO - DAG(s) 'single_family_pipeline' retrieved from /opt/airflow/dags/xls_parse_dag.py
[2025-05-23T22:52:28.858+0000] {logging_mixin.py:188} INFO - [2025-05-23T22:52:28.857+0000] {override.py:1829} INFO - Created Permission View: can edit on DAG:single_family_pipeline
[2025-05-23T22:52:28.863+0000] {logging_mixin.py:188} INFO - [2025-05-23T22:52:28.863+0000] {override.py:1829} INFO - Created Permission View: can read on DAG:single_family_pipeline
[2025-05-23T22:52:28.866+0000] {logging_mixin.py:188} INFO - [2025-05-23T22:52:28.866+0000] {override.py:1829} INFO - Created Permission View: can delete on DAG:single_family_pipeline
[2025-05-23T22:52:28.866+0000] {logging_mixin.py:188} INFO - [2025-05-23T22:52:28.866+0000] {dag.py:3096} INFO - Sync 1 DAGs
[2025-05-23T22:52:28.871+0000] {logging_mixin.py:188} INFO - [2025-05-23T22:52:28.871+0000] {dag.py:3118} INFO - Creating ORM DAG for single_family_pipeline
[2025-05-23T22:52:28.871+0000] {logging_mixin.py:188} INFO - [2025-05-23T22:52:28.871+0000] {dag.py:3954} INFO - Setting next_dagrun for single_family_pipeline to None, run_after=None
[2025-05-23T22:52:28.880+0000] {processor.py:183} INFO - Processing /opt/airflow/dags/xls_parse_dag.py took 1.852 seconds
[2025-05-23T22:52:59.019+0000] {processor.py:161} INFO - Started process (PID=85) to work on /opt/airflow/dags/xls_parse_dag.py
[2025-05-23T22:52:59.019+0000] {processor.py:830} INFO - Processing file /opt/airflow/dags/xls_parse_dag.py for tasks to queue
[2025-05-23T22:52:59.020+0000] {logging_mixin.py:188} INFO - [2025-05-23T22:52:59.020+0000] {dagbag.py:545} INFO - Filling up the DagBag from /opt/airflow/dags/xls_parse_dag.py
[2025-05-23T22:52:59.324+0000] {processor.py:840} INFO - DAG(s) 'single_family_pipeline' retrieved from /opt/airflow/dags/xls_parse_dag.py
[2025-05-23T22:52:59.336+0000] {logging_mixin.py:188} INFO - [2025-05-23T22:52:59.336+0000] {dag.py:3096} INFO - Sync 1 DAGs
[2025-05-23T22:52:59.341+0000] {logging_mixin.py:188} INFO - [2025-05-23T22:52:59.341+0000] {dag.py:3954} INFO - Setting next_dagrun for single_family_pipeline to None, run_after=None
[2025-05-23T22:52:59.351+0000] {processor.py:183} INFO - Processing /opt/airflow/dags/xls_parse_dag.py took 0.335 seconds
[2025-05-23T22:53:29.459+0000] {processor.py:161} INFO - Started process (PID=93) to work on /opt/airflow/dags/xls_parse_dag.py
[2025-05-23T22:53:29.459+0000] {processor.py:830} INFO - Processing file /opt/airflow/dags/xls_parse_dag.py for tasks to queue
[2025-05-23T22:53:29.461+0000] {logging_mixin.py:188} INFO - [2025-05-23T22:53:29.460+0000] {dagbag.py:545} INFO - Filling up the DagBag from /opt/airflow/dags/xls_parse_dag.py
[2025-05-23T22:53:29.861+0000] {processor.py:840} INFO - DAG(s) 'single_family_pipeline' retrieved from /opt/airflow/dags/xls_parse_dag.py
[2025-05-23T22:53:29.874+0000] {logging_mixin.py:188} INFO - [2025-05-23T22:53:29.874+0000] {dag.py:3096} INFO - Sync 1 DAGs
[2025-05-23T22:53:29.879+0000] {logging_mixin.py:188} INFO - [2025-05-23T22:53:29.879+0000] {dag.py:3954} INFO - Setting next_dagrun for single_family_pipeline to None, run_after=None
[2025-05-23T22:53:29.889+0000] {processor.py:183} INFO - Processing /opt/airflow/dags/xls_parse_dag.py took 0.434 seconds
[2025-05-23T22:54:00.039+0000] {processor.py:161} INFO - Started process (PID=101) to work on /opt/airflow/dags/xls_parse_dag.py
[2025-05-23T22:54:00.040+0000] {processor.py:830} INFO - Processing file /opt/airflow/dags/xls_parse_dag.py for tasks to queue
[2025-05-23T22:54:00.041+0000] {logging_mixin.py:188} INFO - [2025-05-23T22:54:00.041+0000] {dagbag.py:545} INFO - Filling up the DagBag from /opt/airflow/dags/xls_parse_dag.py
[2025-05-23T22:54:00.352+0000] {processor.py:840} INFO - DAG(s) 'single_family_pipeline' retrieved from /opt/airflow/dags/xls_parse_dag.py
[2025-05-23T22:54:00.365+0000] {logging_mixin.py:188} INFO - [2025-05-23T22:54:00.365+0000] {dag.py:3096} INFO - Sync 1 DAGs
[2025-05-23T22:54:00.371+0000] {logging_mixin.py:188} INFO - [2025-05-23T22:54:00.370+0000] {dag.py:3954} INFO - Setting next_dagrun for single_family_pipeline to None, run_after=None
[2025-05-23T22:54:00.391+0000] {processor.py:183} INFO - Processing /opt/airflow/dags/xls_parse_dag.py took 0.356 seconds
